2018-05-28 00:28:10,366 apiserver [INFO] Experiment received
2018-06-04 20:45:02,188 apiserver [INFO] State received
2018-06-04 20:45:54,127 apiserver [INFO] State received
2018-06-04 20:52:21,855 apiserver [INFO] State received
2018-06-04 20:52:21,856 apiserver [ERROR] Extra data: line 13 column 1 (char 257)
2018-06-04 20:52:47,696 apiserver [INFO] State received
2018-06-04 20:53:05,100 apiserver [INFO] State received
2018-06-04 20:53:05,101 apiserver [ERROR] Extra data: line 13 column 1 (char 257)
2018-06-04 20:53:25,114 apiserver [INFO] State received
2018-06-04 20:54:43,293 apiserver [INFO] State received
2018-06-04 20:54:43,294 apiserver [ERROR] Extra data: line 13 column 1 (char 257)
2018-06-04 20:55:16,189 apiserver [INFO] State received
2018-06-04 20:55:16,190 apiserver [ERROR] Extra data: line 13 column 1 (char 257)
2018-06-04 20:59:01,178 apiserver [INFO] State received
2018-06-04 20:59:01,178 apiserver [ERROR] Extra data: line 13 column 1 (char 257)
2018-06-04 20:59:25,879 apiserver [INFO] State received
2018-06-04 20:59:25,880 apiserver [ERROR] Extra data: line 13 column 1 (char 257)
2018-06-04 21:00:50,448 apiserver [INFO] State received
2018-06-04 21:00:50,448 apiserver [ERROR] Extra data: line 13 column 1 (char 257)
2018-06-04 22:41:55,825 apiserver [INFO] State received
2018-06-04 22:41:55,827 apiserver [ERROR] Extra data: line 13 column 1 (char 257)
2018-06-04 22:42:16,954 apiserver [INFO] State received
2018-06-04 22:42:16,955 apiserver [ERROR] Extra data: line 13 column 1 (char 257)
2018-06-04 22:42:33,194 apiserver [INFO] State received
2018-06-04 22:42:33,194 apiserver [ERROR] Extra data: line 13 column 1 (char 257)
2018-06-06 17:53:59,208 apiserver [INFO] State received
2018-06-06 17:53:59,208 apiserver [ERROR] Extra data: line 9 column 1 (char 132)
2018-06-06 18:00:45,153 apiserver [INFO] State received
2018-06-06 18:02:20,110 apiserver [INFO] State received
2018-06-06 18:02:42,765 apiserver [INFO] State received
2018-06-06 18:09:00,910 apiserver [INFO] State received
2018-06-06 18:09:00,910 apiserver [ERROR] Expecting property name enclosed in double quotes: line 1 column 2 (char 1)
2018-06-06 18:10:23,293 apiserver [INFO] State received
2018-06-06 18:10:23,294 apiserver [ERROR] Expecting value: line 1 column 1 (char 0)
2018-06-06 18:12:16,503 apiserver [INFO] State received
2018-06-06 18:12:16,503 apiserver [ERROR] Expecting property name enclosed in double quotes: line 1 column 2 (char 1)
2018-06-06 18:13:28,174 apiserver [INFO] State received
2018-06-06 18:13:28,174 apiserver [ERROR] Expecting property name enclosed in double quotes: line 1 column 2 (char 1)
2018-06-06 18:13:40,758 apiserver [INFO] State received
2018-06-06 18:13:40,758 apiserver [ERROR] Expecting property name enclosed in double quotes: line 1 column 2 (char 1)
2018-06-06 18:14:21,599 apiserver [INFO] State received
2018-06-06 18:14:21,600 apiserver [ERROR] Expecting property name enclosed in double quotes: line 1 column 2 (char 1)
2018-06-06 18:16:20,273 apiserver [INFO] State received
2018-06-06 18:17:57,963 apiserver [INFO] State received
2018-06-06 18:17:57,963 apiserver [ERROR] Expecting property name enclosed in double quotes: line 1 column 2 (char 1)
2018-06-06 18:19:11,882 apiserver [INFO] State received
2018-06-06 18:19:11,882 apiserver [ERROR] Extra data: line 1 column 10 (char 9)
2018-06-06 18:19:54,081 apiserver [INFO] State received
2018-06-06 18:19:54,081 apiserver [ERROR] Extra data: line 1 column 8 (char 7)
2018-06-06 18:21:07,759 apiserver [INFO] State received
2018-06-06 18:21:52,313 apiserver [INFO] State received
2018-06-06 18:22:11,768 apiserver [INFO] State received
2018-06-06 18:22:56,272 apiserver [INFO] State received
2018-06-06 18:23:29,728 apiserver [INFO] State received
2018-06-06 18:25:20,397 apiserver [INFO] Experiment received
2018-06-06 18:31:56,263 apiserver [INFO] Experiment received
2018-06-06 18:35:10,922 apiserver [INFO] Experiment received
2018-06-06 18:35:45,181 apiserver [INFO] Experiment received
2018-06-06 18:36:27,705 apiserver [INFO] Experiment received
