2018-05-28 00:13:50,316 arudinocomm [ERROR] [Errno 13] could not open port /dev/ttyS5: [Errno 13] Permission denied: '/dev/ttyS5'
2018-05-28 00:15:24,079 arudinocomm [INFO] Connection started: /dev/ttyS5, rate: 57600
2018-05-28 00:15:26,533 arudinocomm [INFO] Connection started: /dev/ttyS5, rate: 57600
2018-05-28 00:15:28,991 arudinocomm [INFO] Connection started: /dev/ttyS5, rate: 57600
2018-05-28 00:15:31,444 arudinocomm [INFO] Connection started: /dev/ttyS5, rate: 57600
2018-05-28 00:15:33,899 arudinocomm [INFO] Connection started: /dev/ttyS5, rate: 57600
2018-05-28 00:15:36,353 arudinocomm [INFO] Connection started: /dev/ttyS5, rate: 57600
2018-05-28 00:15:38,807 arudinocomm [INFO] Connection started: /dev/ttyS5, rate: 57600
2018-05-28 00:15:41,261 arudinocomm [INFO] Connection started: /dev/ttyS5, rate: 57600
2018-05-28 00:15:43,714 arudinocomm [INFO] Connection started: /dev/ttyS5, rate: 57600
2018-05-28 00:15:46,167 arudinocomm [INFO] Connection started: /dev/ttyS5, rate: 57600
2018-05-28 00:15:48,620 arudinocomm [INFO] Connection started: /dev/ttyS5, rate: 57600
2018-05-28 00:15:51,075 arudinocomm [INFO] Connection started: /dev/ttyS5, rate: 57600
2018-05-28 00:15:53,528 arudinocomm [INFO] Connection started: /dev/ttyS5, rate: 57600
2018-05-28 00:15:55,982 arudinocomm [INFO] Connection started: /dev/ttyS5, rate: 57600
2018-05-28 00:15:58,436 arudinocomm [INFO] Connection started: /dev/ttyS5, rate: 57600
2018-05-28 00:16:00,889 arudinocomm [INFO] Connection started: /dev/ttyS5, rate: 57600
2018-05-28 00:16:03,343 arudinocomm [INFO] Connection started: /dev/ttyS5, rate: 57600
2018-05-28 00:16:44,898 arudinocomm [INFO] Connection started: /dev/ttyS5, rate: 57600
2018-05-28 00:16:44,898 arudinocomm [DEBUG] {
    "block": "0,2,255,0,0",
    "brightness": 1,
    "led": []
}
2018-05-28 00:16:44,974 arudinocomm [DEBUG] {
    "block": "1,2,255,0,0",
    "brightness": 1,
    "led": []
}
2018-05-28 00:16:45,050 arudinocomm [DEBUG] {
    "block": "2,2,255,0,0",
    "brightness": 1,
    "led": []
}
2018-05-28 00:16:45,126 arudinocomm [DEBUG] {
    "block": "3,2,255,0,0",
    "brightness": 1,
    "led": []
}
2018-05-28 00:16:45,203 arudinocomm [DEBUG] {
    "block": "4,2,255,0,0",
    "brightness": 1,
    "led": []
}
2018-05-28 00:16:45,279 arudinocomm [DEBUG] {
    "block": "5,2,255,0,0",
    "brightness": 1,
    "led": []
}
2018-05-28 00:16:47,358 arudinocomm [INFO] Connection started: /dev/ttyS5, rate: 57600
2018-05-28 00:16:47,358 arudinocomm [DEBUG] {
    "block": "0,2,0,255,0",
    "brightness": 1,
    "led": []
}
2018-05-28 00:16:47,435 arudinocomm [DEBUG] {
    "block": "1,2,0,255,0",
    "brightness": 1,
    "led": []
}
2018-05-28 00:16:47,511 arudinocomm [DEBUG] {
    "block": "2,2,0,255,0",
    "brightness": 1,
    "led": []
}
2018-05-28 00:16:47,587 arudinocomm [DEBUG] {
    "block": "3,2,0,255,0",
    "brightness": 1,
    "led": []
}
2018-05-28 00:16:47,663 arudinocomm [DEBUG] {
    "block": "4,2,0,255,0",
    "brightness": 1,
    "led": []
}
2018-05-28 00:16:47,739 arudinocomm [DEBUG] {
    "block": "5,2,0,255,0",
    "brightness": 1,
    "led": []
}
2018-05-28 00:16:49,817 arudinocomm [INFO] Connection started: /dev/ttyS5, rate: 57600
2018-05-28 00:16:49,818 arudinocomm [DEBUG] {
    "block": "0,2,0,0,255",
    "brightness": 1,
    "led": []
}
2018-05-28 00:16:49,894 arudinocomm [DEBUG] {
    "block": "1,2,0,0,255",
    "brightness": 1,
    "led": []
}
2018-05-28 00:16:49,972 arudinocomm [DEBUG] {
    "block": "2,2,0,0,255",
    "brightness": 1,
    "led": []
}
2018-05-28 00:16:50,048 arudinocomm [DEBUG] {
    "block": "3,2,0,0,255",
    "brightness": 1,
    "led": []
}
2018-05-28 00:16:50,124 arudinocomm [DEBUG] {
    "block": "4,2,0,0,255",
    "brightness": 1,
    "led": []
}
2018-05-28 00:16:50,200 arudinocomm [DEBUG] {
    "block": "5,2,0,0,255",
    "brightness": 1,
    "led": []
}
2018-05-28 00:16:52,279 arudinocomm [INFO] Connection started: /dev/ttyS5, rate: 57600
2018-05-28 00:16:52,279 arudinocomm [DEBUG] {
    "block": "0,2,255,255,0",
    "brightness": 1,
    "led": []
}
2018-05-28 00:16:52,356 arudinocomm [DEBUG] {
    "block": "1,2,255,255,0",
    "brightness": 1,
    "led": []
}
2018-05-28 00:16:52,432 arudinocomm [DEBUG] {
    "block": "2,2,255,255,0",
    "brightness": 1,
    "led": []
}
2018-05-28 00:16:52,508 arudinocomm [DEBUG] {
    "block": "3,2,255,255,0",
    "brightness": 1,
    "led": []
}
2018-05-28 00:16:52,584 arudinocomm [DEBUG] {
    "block": "4,2,255,255,0",
    "brightness": 1,
    "led": []
}
2018-05-28 00:16:52,660 arudinocomm [DEBUG] {
    "block": "5,2,255,255,0",
    "brightness": 1,
    "led": []
}
2018-05-28 00:16:54,739 arudinocomm [INFO] Connection started: /dev/ttyS5, rate: 57600
2018-05-28 00:16:54,740 arudinocomm [DEBUG] {
    "block": "0,2,255,0,0",
    "brightness": 1,
    "led": []
}
2018-05-28 00:16:54,816 arudinocomm [DEBUG] {
    "block": "1,2,255,0,0",
    "brightness": 1,
    "led": []
}
2018-05-28 00:16:54,892 arudinocomm [DEBUG] {
    "block": "2,2,255,0,0",
    "brightness": 1,
    "led": []
}
2018-05-28 00:16:54,968 arudinocomm [DEBUG] {
    "block": "3,2,255,0,0",
    "brightness": 1,
    "led": []
}
2018-05-28 00:16:55,044 arudinocomm [DEBUG] {
    "block": "4,2,255,0,0",
    "brightness": 1,
    "led": []
}
2018-05-28 00:16:55,121 arudinocomm [DEBUG] {
    "block": "5,2,255,0,0",
    "brightness": 1,
    "led": []
}
2018-05-28 00:16:57,200 arudinocomm [INFO] Connection started: /dev/ttyS5, rate: 57600
2018-05-28 00:16:57,201 arudinocomm [DEBUG] {
    "block": "0,2,0,255,0",
    "brightness": 1,
    "led": []
}
2018-05-28 00:16:57,276 arudinocomm [DEBUG] {
    "block": "1,2,0,255,0",
    "brightness": 1,
    "led": []
}
2018-05-28 00:16:57,353 arudinocomm [DEBUG] {
    "block": "2,2,0,255,0",
    "brightness": 1,
    "led": []
}
2018-05-28 00:16:57,429 arudinocomm [DEBUG] {
    "block": "3,2,0,255,0",
    "brightness": 1,
    "led": []
}
2018-05-28 00:16:57,504 arudinocomm [DEBUG] {
    "block": "4,2,0,255,0",
    "brightness": 1,
    "led": []
}
2018-05-28 00:16:57,580 arudinocomm [DEBUG] {
    "block": "5,2,0,255,0",
    "brightness": 1,
    "led": []
}
2018-05-28 00:16:59,659 arudinocomm [INFO] Connection started: /dev/ttyS5, rate: 57600
2018-05-28 00:16:59,659 arudinocomm [DEBUG] {
    "block": "0,2,0,0,255",
    "brightness": 1,
    "led": []
}
2018-05-28 00:16:59,736 arudinocomm [DEBUG] {
    "block": "1,2,0,0,255",
    "brightness": 1,
    "led": []
}
2018-05-28 00:16:59,811 arudinocomm [DEBUG] {
    "block": "2,2,0,0,255",
    "brightness": 1,
    "led": []
}
2018-05-28 00:16:59,887 arudinocomm [DEBUG] {
    "block": "3,2,0,0,255",
    "brightness": 1,
    "led": []
}
2018-05-28 00:16:59,964 arudinocomm [DEBUG] {
    "block": "4,2,0,0,255",
    "brightness": 1,
    "led": []
}
2018-05-28 00:17:00,040 arudinocomm [DEBUG] {
    "block": "5,2,0,0,255",
    "brightness": 1,
    "led": []
}
2018-05-28 00:17:02,119 arudinocomm [INFO] Connection started: /dev/ttyS5, rate: 57600
2018-05-28 00:17:02,119 arudinocomm [DEBUG] {
    "block": "0,2,255,255,0",
    "brightness": 1,
    "led": []
}
2018-05-28 00:17:02,195 arudinocomm [DEBUG] {
    "block": "1,2,255,255,0",
    "brightness": 1,
    "led": []
}
2018-05-28 00:17:02,272 arudinocomm [DEBUG] {
    "block": "2,2,255,255,0",
    "brightness": 1,
    "led": []
}
2018-05-28 00:17:02,348 arudinocomm [DEBUG] {
    "block": "3,2,255,255,0",
    "brightness": 1,
    "led": []
}
2018-05-28 00:17:02,424 arudinocomm [DEBUG] {
    "block": "4,2,255,255,0",
    "brightness": 1,
    "led": []
}
2018-05-28 00:17:02,502 arudinocomm [DEBUG] {
    "block": "5,2,255,255,0",
    "brightness": 1,
    "led": []
}
2018-05-28 00:17:04,580 arudinocomm [INFO] Connection started: /dev/ttyS5, rate: 57600
2018-05-28 00:17:04,580 arudinocomm [DEBUG] {
    "block": "0,2,255,0,0",
    "brightness": 1,
    "led": []
}
2018-05-28 00:17:04,656 arudinocomm [DEBUG] {
    "block": "1,2,255,0,0",
    "brightness": 1,
    "led": []
}
2018-05-28 00:17:04,733 arudinocomm [DEBUG] {
    "block": "2,2,255,0,0",
    "brightness": 1,
    "led": []
}
2018-05-28 00:17:04,810 arudinocomm [DEBUG] {
    "block": "3,2,255,0,0",
    "brightness": 1,
    "led": []
}
2018-05-28 00:17:04,887 arudinocomm [DEBUG] {
    "block": "4,2,255,0,0",
    "brightness": 1,
    "led": []
}
2018-05-28 00:17:04,963 arudinocomm [DEBUG] {
    "block": "5,2,255,0,0",
    "brightness": 1,
    "led": []
}
2018-05-28 00:17:07,041 arudinocomm [INFO] Connection started: /dev/ttyS5, rate: 57600
2018-05-28 00:17:07,042 arudinocomm [DEBUG] {
    "block": "0,2,0,255,0",
    "brightness": 1,
    "led": []
}
2018-05-28 00:17:07,118 arudinocomm [DEBUG] {
    "block": "1,2,0,255,0",
    "brightness": 1,
    "led": []
}
2018-05-28 00:17:07,193 arudinocomm [DEBUG] {
    "block": "2,2,0,255,0",
    "brightness": 1,
    "led": []
}
2018-05-28 00:17:07,270 arudinocomm [DEBUG] {
    "block": "3,2,0,255,0",
    "brightness": 1,
    "led": []
}
2018-05-28 00:17:07,346 arudinocomm [DEBUG] {
    "block": "4,2,0,255,0",
    "brightness": 1,
    "led": []
}
2018-05-28 00:17:07,422 arudinocomm [DEBUG] {
    "block": "5,2,0,255,0",
    "brightness": 1,
    "led": []
}
2018-05-28 00:17:09,500 arudinocomm [INFO] Connection started: /dev/ttyS5, rate: 57600
2018-05-28 00:17:09,501 arudinocomm [DEBUG] {
    "block": "0,2,0,0,255",
    "brightness": 1,
    "led": []
}
2018-05-28 00:17:09,577 arudinocomm [DEBUG] {
    "block": "1,2,0,0,255",
    "brightness": 1,
    "led": []
}
2018-05-28 00:17:09,653 arudinocomm [DEBUG] {
    "block": "2,2,0,0,255",
    "brightness": 1,
    "led": []
}
2018-05-28 00:17:09,730 arudinocomm [DEBUG] {
    "block": "3,2,0,0,255",
    "brightness": 1,
    "led": []
}
2018-05-28 00:17:09,806 arudinocomm [DEBUG] {
    "block": "4,2,0,0,255",
    "brightness": 1,
    "led": []
}
2018-05-28 00:17:09,882 arudinocomm [DEBUG] {
    "block": "5,2,0,0,255",
    "brightness": 1,
    "led": []
}
2018-05-28 00:17:11,961 arudinocomm [INFO] Connection started: /dev/ttyS5, rate: 57600
2018-05-28 00:17:11,961 arudinocomm [DEBUG] {
    "block": "0,2,255,255,0",
    "brightness": 1,
    "led": []
}
2018-05-28 00:17:12,037 arudinocomm [DEBUG] {
    "block": "1,2,255,255,0",
    "brightness": 1,
    "led": []
}
2018-05-28 00:17:12,114 arudinocomm [DEBUG] {
    "block": "2,2,255,255,0",
    "brightness": 1,
    "led": []
}
2018-05-28 00:17:12,189 arudinocomm [DEBUG] {
    "block": "3,2,255,255,0",
    "brightness": 1,
    "led": []
}
2018-05-28 00:17:12,265 arudinocomm [DEBUG] {
    "block": "4,2,255,255,0",
    "brightness": 1,
    "led": []
}
2018-05-28 00:17:12,341 arudinocomm [DEBUG] {
    "block": "5,2,255,255,0",
    "brightness": 1,
    "led": []
}
2018-05-28 00:17:14,420 arudinocomm [INFO] Connection started: /dev/ttyS5, rate: 57600
2018-05-28 00:17:14,421 arudinocomm [DEBUG] {
    "block": "0,2,255,0,0",
    "brightness": 1,
    "led": []
}
2018-05-28 00:17:14,497 arudinocomm [DEBUG] {
    "block": "1,2,255,0,0",
    "brightness": 1,
    "led": []
}
2018-05-28 00:17:14,573 arudinocomm [DEBUG] {
    "block": "2,2,255,0,0",
    "brightness": 1,
    "led": []
}
2018-05-28 00:17:14,650 arudinocomm [DEBUG] {
    "block": "3,2,255,0,0",
    "brightness": 1,
    "led": []
}
2018-05-28 00:17:14,726 arudinocomm [DEBUG] {
    "block": "4,2,255,0,0",
    "brightness": 1,
    "led": []
}
2018-05-28 00:17:14,802 arudinocomm [DEBUG] {
    "block": "5,2,255,0,0",
    "brightness": 1,
    "led": []
}
2018-05-28 00:17:16,881 arudinocomm [INFO] Connection started: /dev/ttyS5, rate: 57600
2018-05-28 00:17:16,881 arudinocomm [DEBUG] {
    "block": "0,2,0,255,0",
    "brightness": 1,
    "led": []
}
2018-05-28 00:17:16,958 arudinocomm [DEBUG] {
    "block": "1,2,0,255,0",
    "brightness": 1,
    "led": []
}
2018-05-28 00:17:17,034 arudinocomm [DEBUG] {
    "block": "2,2,0,255,0",
    "brightness": 1,
    "led": []
}
2018-05-28 00:17:17,110 arudinocomm [DEBUG] {
    "block": "3,2,0,255,0",
    "brightness": 1,
    "led": []
}
2018-05-28 00:17:17,186 arudinocomm [DEBUG] {
    "block": "4,2,0,255,0",
    "brightness": 1,
    "led": []
}
2018-05-28 00:17:17,261 arudinocomm [DEBUG] {
    "block": "5,2,0,255,0",
    "brightness": 1,
    "led": []
}
2018-05-28 00:17:19,340 arudinocomm [INFO] Connection started: /dev/ttyS5, rate: 57600
2018-05-28 00:17:19,341 arudinocomm [DEBUG] {
    "block": "0,2,0,0,255",
    "brightness": 1,
    "led": []
}
2018-05-28 00:17:19,417 arudinocomm [DEBUG] {
    "block": "1,2,0,0,255",
    "brightness": 1,
    "led": []
}
2018-05-28 00:17:19,493 arudinocomm [DEBUG] {
    "block": "2,2,0,0,255",
    "brightness": 1,
    "led": []
}
2018-05-28 00:17:19,569 arudinocomm [DEBUG] {
    "block": "3,2,0,0,255",
    "brightness": 1,
    "led": []
}
2018-05-28 00:17:19,645 arudinocomm [DEBUG] {
    "block": "4,2,0,0,255",
    "brightness": 1,
    "led": []
}
2018-05-28 00:17:19,721 arudinocomm [DEBUG] {
    "block": "5,2,0,0,255",
    "brightness": 1,
    "led": []
}
2018-05-28 00:17:21,800 arudinocomm [INFO] Connection started: /dev/ttyS5, rate: 57600
2018-05-28 00:17:21,800 arudinocomm [DEBUG] {
    "block": "0,2,255,255,0",
    "brightness": 1,
    "led": []
}
2018-05-28 00:17:21,879 arudinocomm [DEBUG] {
    "block": "1,2,255,255,0",
    "brightness": 1,
    "led": []
}
2018-05-28 00:17:21,954 arudinocomm [DEBUG] {
    "block": "2,2,255,255,0",
    "brightness": 1,
    "led": []
}
2018-05-28 00:17:22,030 arudinocomm [DEBUG] {
    "block": "3,2,255,255,0",
    "brightness": 1,
    "led": []
}
2018-05-28 00:17:22,110 arudinocomm [DEBUG] {
    "block": "4,2,255,255,0",
    "brightness": 1,
    "led": []
}
2018-05-28 00:17:22,187 arudinocomm [DEBUG] {
    "block": "5,2,255,255,0",
    "brightness": 1,
    "led": []
}
2018-05-28 00:17:24,266 arudinocomm [INFO] Connection started: /dev/ttyS5, rate: 57600
2018-05-28 00:17:24,266 arudinocomm [DEBUG] {
    "block": "0,2,0,0,0",
    "brightness": 1,
    "led": []
}
2018-05-28 00:17:24,332 arudinocomm [DEBUG] {
    "block": "1,2,0,0,0",
    "brightness": 1,
    "led": []
}
2018-05-28 00:17:24,397 arudinocomm [DEBUG] {
    "block": "2,2,0,0,0",
    "brightness": 1,
    "led": []
}
2018-05-28 00:17:24,463 arudinocomm [DEBUG] {
    "block": "3,2,0,0,0",
    "brightness": 1,
    "led": []
}
2018-05-28 00:17:24,529 arudinocomm [DEBUG] {
    "block": "4,2,0,0,0",
    "brightness": 1,
    "led": []
}
2018-05-28 00:17:24,596 arudinocomm [DEBUG] {
    "block": "5,2,0,0,0",
    "brightness": 1,
    "led": []
}
2018-05-28 00:28:12,371 arudinocomm [INFO] Connection started: /dev/ttyS5, rate: 57600
2018-05-28 00:28:14,825 arudinocomm [INFO] Connection started: /dev/ttyS5, rate: 57600
2018-05-28 00:28:17,279 arudinocomm [INFO] Connection started: /dev/ttyS5, rate: 57600
2018-05-28 00:28:19,734 arudinocomm [INFO] Connection started: /dev/ttyS5, rate: 57600
2018-05-28 00:28:22,188 arudinocomm [INFO] Connection started: /dev/ttyS5, rate: 57600
2018-05-28 00:28:24,642 arudinocomm [INFO] Connection started: /dev/ttyS5, rate: 57600
2018-05-28 00:28:27,096 arudinocomm [INFO] Connection started: /dev/ttyS5, rate: 57600
2018-05-28 00:28:29,549 arudinocomm [INFO] Connection started: /dev/ttyS5, rate: 57600
2018-05-28 00:28:32,004 arudinocomm [INFO] Connection started: /dev/ttyS5, rate: 57600
2018-05-28 00:28:34,459 arudinocomm [INFO] Connection started: /dev/ttyS5, rate: 57600
2018-05-28 00:28:36,913 arudinocomm [INFO] Connection started: /dev/ttyS5, rate: 57600
2018-05-28 00:28:39,366 arudinocomm [INFO] Connection started: /dev/ttyS5, rate: 57600
2018-05-28 00:28:41,820 arudinocomm [INFO] Connection started: /dev/ttyS5, rate: 57600
2018-05-28 00:28:44,274 arudinocomm [INFO] Connection started: /dev/ttyS5, rate: 57600
2018-05-28 00:28:46,728 arudinocomm [INFO] Connection started: /dev/ttyS5, rate: 57600
2018-05-28 00:28:49,182 arudinocomm [INFO] Connection started: /dev/ttyS5, rate: 57600
2018-05-28 00:28:51,635 arudinocomm [INFO] Connection started: /dev/ttyS5, rate: 57600
2018-06-04 20:52:47,703 arudinocomm [ERROR] [Errno 13] could not open port /dev/ttyS5: [Errno 13] Permission denied: '/dev/ttyS5'
2018-06-04 20:53:25,115 arudinocomm [ERROR] [Errno 13] could not open port /dev/ttyS5: [Errno 13] Permission denied: '/dev/ttyS5'
