2018-05-28 00:13:50,315 experimentctrl [INFO] Arena: 3, 2, 2, red
2018-05-28 00:15:22,073 experimentctrl [INFO] Arena: 3, 2, 2, red
2018-05-28 00:15:24,154 experimentctrl [INFO] Instruction executed successfully!

2018-05-28 00:15:24,229 experimentctrl [INFO] Instruction executed successfully!

2018-05-28 00:15:24,305 experimentctrl [INFO] Instruction executed successfully!

2018-05-28 00:15:24,380 experimentctrl [INFO] Instruction executed successfully!

2018-05-28 00:15:24,455 experimentctrl [INFO] Instruction executed successfully!

2018-05-28 00:15:24,530 experimentctrl [INFO] Instruction executed successfully!

2018-05-28 00:15:24,531 experimentctrl [INFO] Arena: 3, 2, 2, green
2018-05-28 00:15:26,612 experimentctrl [INFO] Instruction executed successfully!

2018-05-28 00:15:26,687 experimentctrl [INFO] Instruction executed successfully!

2018-05-28 00:15:26,762 experimentctrl [INFO] Instruction executed successfully!

2018-05-28 00:15:26,837 experimentctrl [INFO] Instruction executed successfully!

2018-05-28 00:15:26,912 experimentctrl [INFO] Instruction executed successfully!

2018-05-28 00:15:26,988 experimentctrl [INFO] Instruction executed successfully!

2018-05-28 00:15:26,989 experimentctrl [INFO] Arena: 3, 2, 2, blue
2018-05-28 00:15:29,066 experimentctrl [INFO] Instruction executed successfully!

2018-05-28 00:15:29,141 experimentctrl [INFO] Instruction executed successfully!

2018-05-28 00:15:29,216 experimentctrl [INFO] Instruction executed successfully!

2018-05-28 00:15:29,291 experimentctrl [INFO] Instruction executed successfully!

2018-05-28 00:15:29,366 experimentctrl [INFO] Instruction executed successfully!

2018-05-28 00:15:29,441 experimentctrl [INFO] Instruction executed successfully!

2018-05-28 00:15:29,443 experimentctrl [INFO] Arena: 3, 2, 2, yellow
2018-05-28 00:15:31,519 experimentctrl [INFO] Instruction executed successfully!

2018-05-28 00:15:31,594 experimentctrl [INFO] Instruction executed successfully!

2018-05-28 00:15:31,669 experimentctrl [INFO] Instruction executed successfully!

2018-05-28 00:15:31,745 experimentctrl [INFO] Instruction executed successfully!

2018-05-28 00:15:31,820 experimentctrl [INFO] Instruction executed successfully!

2018-05-28 00:15:31,895 experimentctrl [INFO] Instruction executed successfully!

2018-05-28 00:15:31,897 experimentctrl [INFO] Arena: 3, 2, 2, red
2018-05-28 00:15:33,974 experimentctrl [INFO] Instruction executed successfully!

2018-05-28 00:15:34,049 experimentctrl [INFO] Instruction executed successfully!

2018-05-28 00:15:34,125 experimentctrl [INFO] Instruction executed successfully!

2018-05-28 00:15:34,201 experimentctrl [INFO] Instruction executed successfully!

2018-05-28 00:15:34,276 experimentctrl [INFO] Instruction executed successfully!

2018-05-28 00:15:34,351 experimentctrl [INFO] Instruction executed successfully!

2018-05-28 00:15:34,352 experimentctrl [INFO] Arena: 3, 2, 2, green
2018-05-28 00:15:36,428 experimentctrl [INFO] Instruction executed successfully!

2018-05-28 00:15:36,503 experimentctrl [INFO] Instruction executed successfully!

2018-05-28 00:15:36,579 experimentctrl [INFO] Instruction executed successfully!

2018-05-28 00:15:36,654 experimentctrl [INFO] Instruction executed successfully!

2018-05-28 00:15:36,729 experimentctrl [INFO] Instruction executed successfully!

2018-05-28 00:15:36,805 experimentctrl [INFO] Instruction executed successfully!

2018-05-28 00:15:36,806 experimentctrl [INFO] Arena: 3, 2, 2, blue
2018-05-28 00:15:38,882 experimentctrl [INFO] Instruction executed successfully!

2018-05-28 00:15:38,958 experimentctrl [INFO] Instruction executed successfully!

2018-05-28 00:15:39,032 experimentctrl [INFO] Instruction executed successfully!

2018-05-28 00:15:39,108 experimentctrl [INFO] Instruction executed successfully!

2018-05-28 00:15:39,183 experimentctrl [INFO] Instruction executed successfully!

2018-05-28 00:15:39,258 experimentctrl [INFO] Instruction executed successfully!

2018-05-28 00:15:39,259 experimentctrl [INFO] Arena: 3, 2, 2, yellow
2018-05-28 00:15:41,336 experimentctrl [INFO] Instruction executed successfully!

2018-05-28 00:15:41,411 experimentctrl [INFO] Instruction executed successfully!

2018-05-28 00:15:41,486 experimentctrl [INFO] Instruction executed successfully!

2018-05-28 00:15:41,561 experimentctrl [INFO] Instruction executed successfully!

2018-05-28 00:15:41,636 experimentctrl [INFO] Instruction executed successfully!

2018-05-28 00:15:41,711 experimentctrl [INFO] Instruction executed successfully!

2018-05-28 00:15:41,712 experimentctrl [INFO] Arena: 3, 2, 2, red
2018-05-28 00:15:43,789 experimentctrl [INFO] Instruction executed successfully!

2018-05-28 00:15:43,864 experimentctrl [INFO] Instruction executed successfully!

2018-05-28 00:15:43,939 experimentctrl [INFO] Instruction executed successfully!

2018-05-28 00:15:44,014 experimentctrl [INFO] Instruction executed successfully!

2018-05-28 00:15:44,089 experimentctrl [INFO] Instruction executed successfully!

2018-05-28 00:15:44,164 experimentctrl [INFO] Instruction executed successfully!

2018-05-28 00:15:44,166 experimentctrl [INFO] Arena: 3, 2, 2, green
2018-05-28 00:15:46,242 experimentctrl [INFO] Instruction executed successfully!

2018-05-28 00:15:46,317 experimentctrl [INFO] Instruction executed successfully!

2018-05-28 00:15:46,392 experimentctrl [INFO] Instruction executed successfully!

2018-05-28 00:15:46,467 experimentctrl [INFO] Instruction executed successfully!

2018-05-28 00:15:46,542 experimentctrl [INFO] Instruction executed successfully!

2018-05-28 00:15:46,617 experimentctrl [INFO] Instruction executed successfully!

2018-05-28 00:15:46,618 experimentctrl [INFO] Arena: 3, 2, 2, blue
2018-05-28 00:15:48,696 experimentctrl [INFO] Instruction executed successfully!

2018-05-28 00:15:48,771 experimentctrl [INFO] Instruction executed successfully!

2018-05-28 00:15:48,846 experimentctrl [INFO] Instruction executed successfully!

2018-05-28 00:15:48,922 experimentctrl [INFO] Instruction executed successfully!

2018-05-28 00:15:48,997 experimentctrl [INFO] Instruction executed successfully!

2018-05-28 00:15:49,072 experimentctrl [INFO] Instruction executed successfully!

2018-05-28 00:15:49,073 experimentctrl [INFO] Arena: 3, 2, 2, yellow
2018-05-28 00:15:51,149 experimentctrl [INFO] Instruction executed successfully!

2018-05-28 00:15:51,225 experimentctrl [INFO] Instruction executed successfully!

2018-05-28 00:15:51,300 experimentctrl [INFO] Instruction executed successfully!

2018-05-28 00:15:51,375 experimentctrl [INFO] Instruction executed successfully!

2018-05-28 00:15:51,450 experimentctrl [INFO] Instruction executed successfully!

2018-05-28 00:15:51,525 experimentctrl [INFO] Instruction executed successfully!

2018-05-28 00:15:51,526 experimentctrl [INFO] Arena: 3, 2, 2, red
2018-05-28 00:15:53,603 experimentctrl [INFO] Instruction executed successfully!

2018-05-28 00:15:53,678 experimentctrl [INFO] Instruction executed successfully!

2018-05-28 00:15:53,753 experimentctrl [INFO] Instruction executed successfully!

2018-05-28 00:15:53,828 experimentctrl [INFO] Instruction executed successfully!

2018-05-28 00:15:53,903 experimentctrl [INFO] Instruction executed successfully!

2018-05-28 00:15:53,979 experimentctrl [INFO] Instruction executed successfully!

2018-05-28 00:15:53,980 experimentctrl [INFO] Arena: 3, 2, 2, green
2018-05-28 00:15:56,056 experimentctrl [INFO] Instruction executed successfully!

2018-05-28 00:15:56,131 experimentctrl [INFO] Instruction executed successfully!

2018-05-28 00:15:56,207 experimentctrl [INFO] Instruction executed successfully!

2018-05-28 00:15:56,282 experimentctrl [INFO] Instruction executed successfully!

2018-05-28 00:15:56,358 experimentctrl [INFO] Instruction executed successfully!

2018-05-28 00:15:56,433 experimentctrl [INFO] Instruction executed successfully!

2018-05-28 00:15:56,434 experimentctrl [INFO] Arena: 3, 2, 2, blue
2018-05-28 00:15:58,511 experimentctrl [INFO] Instruction executed successfully!

2018-05-28 00:15:58,586 experimentctrl [INFO] Instruction executed successfully!

2018-05-28 00:15:58,661 experimentctrl [INFO] Instruction executed successfully!

2018-05-28 00:15:58,737 experimentctrl [INFO] Instruction executed successfully!

2018-05-28 00:15:58,812 experimentctrl [INFO] Instruction executed successfully!

2018-05-28 00:15:58,887 experimentctrl [INFO] Instruction executed successfully!

2018-05-28 00:15:58,888 experimentctrl [INFO] Arena: 3, 2, 2, yellow
2018-05-28 00:16:00,964 experimentctrl [INFO] Instruction executed successfully!

2018-05-28 00:16:01,040 experimentctrl [INFO] Instruction executed successfully!

2018-05-28 00:16:01,115 experimentctrl [INFO] Instruction executed successfully!

2018-05-28 00:16:01,190 experimentctrl [INFO] Instruction executed successfully!

2018-05-28 00:16:01,265 experimentctrl [INFO] Instruction executed successfully!

2018-05-28 00:16:01,341 experimentctrl [INFO] Instruction executed successfully!

2018-05-28 00:16:01,342 experimentctrl [INFO] Arena: 3, 2, 2, none
2018-05-28 00:16:03,407 experimentctrl [INFO] Instruction executed successfully!

2018-05-28 00:16:03,472 experimentctrl [INFO] Instruction executed successfully!

2018-05-28 00:16:03,537 experimentctrl [INFO] Instruction executed successfully!

2018-05-28 00:16:03,601 experimentctrl [INFO] Instruction executed successfully!

2018-05-28 00:16:03,666 experimentctrl [INFO] Instruction executed successfully!

2018-05-28 00:16:03,731 experimentctrl [INFO] Instruction executed successfully!

2018-05-28 00:16:42,896 experimentctrl [INFO] Arena: 3, 2, 2, red
2018-05-28 00:16:44,973 experimentctrl [INFO] Instruction executed successfully!

2018-05-28 00:16:45,050 experimentctrl [INFO] Instruction executed successfully!

2018-05-28 00:16:45,126 experimentctrl [INFO] Instruction executed successfully!

2018-05-28 00:16:45,202 experimentctrl [INFO] Instruction executed successfully!

2018-05-28 00:16:45,279 experimentctrl [INFO] Instruction executed successfully!

2018-05-28 00:16:45,355 experimentctrl [INFO] Instruction executed successfully!

2018-05-28 00:16:45,356 experimentctrl [INFO] Arena: 3, 2, 2, green
2018-05-28 00:16:47,434 experimentctrl [INFO] Instruction executed successfully!

2018-05-28 00:16:47,510 experimentctrl [INFO] Instruction executed successfully!

2018-05-28 00:16:47,586 experimentctrl [INFO] Instruction executed successfully!

2018-05-28 00:16:47,662 experimentctrl [INFO] Instruction executed successfully!

2018-05-28 00:16:47,739 experimentctrl [INFO] Instruction executed successfully!

2018-05-28 00:16:47,814 experimentctrl [INFO] Instruction executed successfully!

2018-05-28 00:16:47,816 experimentctrl [INFO] Arena: 3, 2, 2, blue
2018-05-28 00:16:49,894 experimentctrl [INFO] Instruction executed successfully!

2018-05-28 00:16:49,971 experimentctrl [INFO] Instruction executed successfully!

2018-05-28 00:16:50,047 experimentctrl [INFO] Instruction executed successfully!

2018-05-28 00:16:50,123 experimentctrl [INFO] Instruction executed successfully!

2018-05-28 00:16:50,199 experimentctrl [INFO] Instruction executed successfully!

2018-05-28 00:16:50,276 experimentctrl [INFO] Instruction executed successfully!

2018-05-28 00:16:50,277 experimentctrl [INFO] Arena: 3, 2, 2, yellow
2018-05-28 00:16:52,355 experimentctrl [INFO] Instruction executed successfully!

2018-05-28 00:16:52,431 experimentctrl [INFO] Instruction executed successfully!

2018-05-28 00:16:52,507 experimentctrl [INFO] Instruction executed successfully!

2018-05-28 00:16:52,584 experimentctrl [INFO] Instruction executed successfully!

2018-05-28 00:16:52,660 experimentctrl [INFO] Instruction executed successfully!

2018-05-28 00:16:52,736 experimentctrl [INFO] Instruction executed successfully!

2018-05-28 00:16:52,737 experimentctrl [INFO] Arena: 3, 2, 2, red
2018-05-28 00:16:54,815 experimentctrl [INFO] Instruction executed successfully!

2018-05-28 00:16:54,891 experimentctrl [INFO] Instruction executed successfully!

2018-05-28 00:16:54,967 experimentctrl [INFO] Instruction executed successfully!

2018-05-28 00:16:55,044 experimentctrl [INFO] Instruction executed successfully!

2018-05-28 00:16:55,120 experimentctrl [INFO] Instruction executed successfully!

2018-05-28 00:16:55,196 experimentctrl [INFO] Instruction executed successfully!

2018-05-28 00:16:55,198 experimentctrl [INFO] Arena: 3, 2, 2, green
2018-05-28 00:16:57,276 experimentctrl [INFO] Instruction executed successfully!

2018-05-28 00:16:57,352 experimentctrl [INFO] Instruction executed successfully!

2018-05-28 00:16:57,428 experimentctrl [INFO] Instruction executed successfully!

2018-05-28 00:16:57,504 experimentctrl [INFO] Instruction executed successfully!

2018-05-28 00:16:57,579 experimentctrl [INFO] Instruction executed successfully!

2018-05-28 00:16:57,655 experimentctrl [INFO] Instruction executed successfully!

2018-05-28 00:16:57,657 experimentctrl [INFO] Arena: 3, 2, 2, blue
2018-05-28 00:16:59,735 experimentctrl [INFO] Instruction executed successfully!

2018-05-28 00:16:59,811 experimentctrl [INFO] Instruction executed successfully!

2018-05-28 00:16:59,886 experimentctrl [INFO] Instruction executed successfully!

2018-05-28 00:16:59,963 experimentctrl [INFO] Instruction executed successfully!

2018-05-28 00:17:00,039 experimentctrl [INFO] Instruction executed successfully!

2018-05-28 00:17:00,115 experimentctrl [INFO] Instruction executed successfully!

2018-05-28 00:17:00,117 experimentctrl [INFO] Arena: 3, 2, 2, yellow
2018-05-28 00:17:02,195 experimentctrl [INFO] Instruction executed successfully!

2018-05-28 00:17:02,271 experimentctrl [INFO] Instruction executed successfully!

2018-05-28 00:17:02,347 experimentctrl [INFO] Instruction executed successfully!

2018-05-28 00:17:02,423 experimentctrl [INFO] Instruction executed successfully!

2018-05-28 00:17:02,501 experimentctrl [INFO] Instruction executed successfully!

2018-05-28 00:17:02,577 experimentctrl [INFO] Instruction executed successfully!

2018-05-28 00:17:02,578 experimentctrl [INFO] Arena: 3, 2, 2, red
2018-05-28 00:17:04,656 experimentctrl [INFO] Instruction executed successfully!

2018-05-28 00:17:04,732 experimentctrl [INFO] Instruction executed successfully!

2018-05-28 00:17:04,809 experimentctrl [INFO] Instruction executed successfully!

2018-05-28 00:17:04,886 experimentctrl [INFO] Instruction executed successfully!

2018-05-28 00:17:04,962 experimentctrl [INFO] Instruction executed successfully!

2018-05-28 00:17:05,038 experimentctrl [INFO] Instruction executed successfully!

2018-05-28 00:17:05,039 experimentctrl [INFO] Arena: 3, 2, 2, green
2018-05-28 00:17:07,117 experimentctrl [INFO] Instruction executed successfully!

2018-05-28 00:17:07,193 experimentctrl [INFO] Instruction executed successfully!

2018-05-28 00:17:07,269 experimentctrl [INFO] Instruction executed successfully!

2018-05-28 00:17:07,345 experimentctrl [INFO] Instruction executed successfully!

2018-05-28 00:17:07,421 experimentctrl [INFO] Instruction executed successfully!

2018-05-28 00:17:07,497 experimentctrl [INFO] Instruction executed successfully!

2018-05-28 00:17:07,499 experimentctrl [INFO] Arena: 3, 2, 2, blue
2018-05-28 00:17:09,576 experimentctrl [INFO] Instruction executed successfully!

2018-05-28 00:17:09,653 experimentctrl [INFO] Instruction executed successfully!

2018-05-28 00:17:09,729 experimentctrl [INFO] Instruction executed successfully!

2018-05-28 00:17:09,805 experimentctrl [INFO] Instruction executed successfully!

2018-05-28 00:17:09,882 experimentctrl [INFO] Instruction executed successfully!

2018-05-28 00:17:09,958 experimentctrl [INFO] Instruction executed successfully!

2018-05-28 00:17:09,959 experimentctrl [INFO] Arena: 3, 2, 2, yellow
2018-05-28 00:17:12,037 experimentctrl [INFO] Instruction executed successfully!

2018-05-28 00:17:12,113 experimentctrl [INFO] Instruction executed successfully!

2018-05-28 00:17:12,189 experimentctrl [INFO] Instruction executed successfully!

2018-05-28 00:17:12,265 experimentctrl [INFO] Instruction executed successfully!

2018-05-28 00:17:12,340 experimentctrl [INFO] Instruction executed successfully!

2018-05-28 00:17:12,417 experimentctrl [INFO] Instruction executed successfully!

2018-05-28 00:17:12,418 experimentctrl [INFO] Arena: 3, 2, 2, red
2018-05-28 00:17:14,496 experimentctrl [INFO] Instruction executed successfully!

2018-05-28 00:17:14,573 experimentctrl [INFO] Instruction executed successfully!

2018-05-28 00:17:14,649 experimentctrl [INFO] Instruction executed successfully!

2018-05-28 00:17:14,725 experimentctrl [INFO] Instruction executed successfully!

2018-05-28 00:17:14,801 experimentctrl [INFO] Instruction executed successfully!

2018-05-28 00:17:14,877 experimentctrl [INFO] Instruction executed successfully!

2018-05-28 00:17:14,879 experimentctrl [INFO] Arena: 3, 2, 2, green
2018-05-28 00:17:16,957 experimentctrl [INFO] Instruction executed successfully!

2018-05-28 00:17:17,033 experimentctrl [INFO] Instruction executed successfully!

2018-05-28 00:17:17,109 experimentctrl [INFO] Instruction executed successfully!

2018-05-28 00:17:17,185 experimentctrl [INFO] Instruction executed successfully!

2018-05-28 00:17:17,261 experimentctrl [INFO] Instruction executed successfully!

2018-05-28 00:17:17,337 experimentctrl [INFO] Instruction executed successfully!

2018-05-28 00:17:17,338 experimentctrl [INFO] Arena: 3, 2, 2, blue
2018-05-28 00:17:19,416 experimentctrl [INFO] Instruction executed successfully!

2018-05-28 00:17:19,492 experimentctrl [INFO] Instruction executed successfully!

2018-05-28 00:17:19,568 experimentctrl [INFO] Instruction executed successfully!

2018-05-28 00:17:19,644 experimentctrl [INFO] Instruction executed successfully!

2018-05-28 00:17:19,720 experimentctrl [INFO] Instruction executed successfully!

2018-05-28 00:17:19,796 experimentctrl [INFO] Instruction executed successfully!

2018-05-28 00:17:19,798 experimentctrl [INFO] Arena: 3, 2, 2, yellow
2018-05-28 00:17:21,878 experimentctrl [INFO] Instruction executed successfully!

2018-05-28 00:17:21,954 experimentctrl [INFO] Instruction executed successfully!

2018-05-28 00:17:22,030 experimentctrl [INFO] Instruction executed successfully!

2018-05-28 00:17:22,106 experimentctrl [INFO] Instruction executed successfully!

2018-05-28 00:17:22,187 experimentctrl [INFO] Instruction executed successfully!

2018-05-28 00:17:22,263 experimentctrl [INFO] Instruction executed successfully!

2018-05-28 00:17:22,264 experimentctrl [INFO] Arena: 3, 2, 2, none
2018-05-28 00:17:24,331 experimentctrl [INFO] Instruction executed successfully!

2018-05-28 00:17:24,397 experimentctrl [INFO] Instruction executed successfully!

2018-05-28 00:17:24,463 experimentctrl [INFO] Instruction executed successfully!

2018-05-28 00:17:24,528 experimentctrl [INFO] Instruction executed successfully!

2018-05-28 00:17:24,594 experimentctrl [INFO] Instruction executed successfully!

2018-05-28 00:17:24,660 experimentctrl [INFO] Instruction executed successfully!

2018-05-28 00:28:10,369 experimentctrl [INFO] Arena: 3, 2, 2, red
2018-05-28 00:28:12,447 experimentctrl [INFO] Instruction executed successfully!

2018-05-28 00:28:12,522 experimentctrl [INFO] Instruction executed successfully!

2018-05-28 00:28:12,597 experimentctrl [INFO] Instruction executed successfully!

2018-05-28 00:28:12,672 experimentctrl [INFO] Instruction executed successfully!

2018-05-28 00:28:12,747 experimentctrl [INFO] Instruction executed successfully!

2018-05-28 00:28:12,822 experimentctrl [INFO] Instruction executed successfully!

2018-05-28 00:28:12,823 experimentctrl [INFO] Arena: 3, 2, 2, green
2018-05-28 00:28:14,900 experimentctrl [INFO] Instruction executed successfully!

2018-05-28 00:28:14,975 experimentctrl [INFO] Instruction executed successfully!

2018-05-28 00:28:15,050 experimentctrl [INFO] Instruction executed successfully!

2018-05-28 00:28:15,125 experimentctrl [INFO] Instruction executed successfully!

2018-05-28 00:28:15,201 experimentctrl [INFO] Instruction executed successfully!

2018-05-28 00:28:15,276 experimentctrl [INFO] Instruction executed successfully!

2018-05-28 00:28:15,277 experimentctrl [INFO] Arena: 3, 2, 2, blue
2018-05-28 00:28:17,355 experimentctrl [INFO] Instruction executed successfully!

2018-05-28 00:28:17,429 experimentctrl [INFO] Instruction executed successfully!

2018-05-28 00:28:17,505 experimentctrl [INFO] Instruction executed successfully!

2018-05-28 00:28:17,580 experimentctrl [INFO] Instruction executed successfully!

2018-05-28 00:28:17,655 experimentctrl [INFO] Instruction executed successfully!

2018-05-28 00:28:17,730 experimentctrl [INFO] Instruction executed successfully!

2018-05-28 00:28:17,732 experimentctrl [INFO] Arena: 3, 2, 2, yellow
2018-05-28 00:28:19,809 experimentctrl [INFO] Instruction executed successfully!

2018-05-28 00:28:19,884 experimentctrl [INFO] Instruction executed successfully!

2018-05-28 00:28:19,959 experimentctrl [INFO] Instruction executed successfully!

2018-05-28 00:28:20,034 experimentctrl [INFO] Instruction executed successfully!

2018-05-28 00:28:20,110 experimentctrl [INFO] Instruction executed successfully!

2018-05-28 00:28:20,185 experimentctrl [INFO] Instruction executed successfully!

2018-05-28 00:28:20,186 experimentctrl [INFO] Arena: 3, 2, 2, red
2018-05-28 00:28:22,263 experimentctrl [INFO] Instruction executed successfully!

2018-05-28 00:28:22,338 experimentctrl [INFO] Instruction executed successfully!

2018-05-28 00:28:22,413 experimentctrl [INFO] Instruction executed successfully!

2018-05-28 00:28:22,489 experimentctrl [INFO] Instruction executed successfully!

2018-05-28 00:28:22,563 experimentctrl [INFO] Instruction executed successfully!

2018-05-28 00:28:22,639 experimentctrl [INFO] Instruction executed successfully!

2018-05-28 00:28:22,640 experimentctrl [INFO] Arena: 3, 2, 2, green
2018-05-28 00:28:24,717 experimentctrl [INFO] Instruction executed successfully!

2018-05-28 00:28:24,792 experimentctrl [INFO] Instruction executed successfully!

2018-05-28 00:28:24,867 experimentctrl [INFO] Instruction executed successfully!

2018-05-28 00:28:24,943 experimentctrl [INFO] Instruction executed successfully!

2018-05-28 00:28:25,018 experimentctrl [INFO] Instruction executed successfully!

2018-05-28 00:28:25,093 experimentctrl [INFO] Instruction executed successfully!

2018-05-28 00:28:25,094 experimentctrl [INFO] Arena: 3, 2, 2, blue
2018-05-28 00:28:27,171 experimentctrl [INFO] Instruction executed successfully!

2018-05-28 00:28:27,246 experimentctrl [INFO] Instruction executed successfully!

2018-05-28 00:28:27,321 experimentctrl [INFO] Instruction executed successfully!

2018-05-28 00:28:27,396 experimentctrl [INFO] Instruction executed successfully!

2018-05-28 00:28:27,471 experimentctrl [INFO] Instruction executed successfully!

2018-05-28 00:28:27,546 experimentctrl [INFO] Instruction executed successfully!

2018-05-28 00:28:27,547 experimentctrl [INFO] Arena: 3, 2, 2, yellow
2018-05-28 00:28:29,624 experimentctrl [INFO] Instruction executed successfully!

2018-05-28 00:28:29,700 experimentctrl [INFO] Instruction executed successfully!

2018-05-28 00:28:29,775 experimentctrl [INFO] Instruction executed successfully!

2018-05-28 00:28:29,850 experimentctrl [INFO] Instruction executed successfully!

2018-05-28 00:28:29,926 experimentctrl [INFO] Instruction executed successfully!

2018-05-28 00:28:30,001 experimentctrl [INFO] Instruction executed successfully!

2018-05-28 00:28:30,002 experimentctrl [INFO] Arena: 3, 2, 2, red
2018-05-28 00:28:32,079 experimentctrl [INFO] Instruction executed successfully!

2018-05-28 00:28:32,155 experimentctrl [INFO] Instruction executed successfully!

2018-05-28 00:28:32,230 experimentctrl [INFO] Instruction executed successfully!

2018-05-28 00:28:32,305 experimentctrl [INFO] Instruction executed successfully!

2018-05-28 00:28:32,380 experimentctrl [INFO] Instruction executed successfully!

2018-05-28 00:28:32,455 experimentctrl [INFO] Instruction executed successfully!

2018-05-28 00:28:32,457 experimentctrl [INFO] Arena: 3, 2, 2, green
2018-05-28 00:28:34,534 experimentctrl [INFO] Instruction executed successfully!

2018-05-28 00:28:34,609 experimentctrl [INFO] Instruction executed successfully!

2018-05-28 00:28:34,684 experimentctrl [INFO] Instruction executed successfully!

2018-05-28 00:28:34,760 experimentctrl [INFO] Instruction executed successfully!

2018-05-28 00:28:34,835 experimentctrl [INFO] Instruction executed successfully!

2018-05-28 00:28:34,910 experimentctrl [INFO] Instruction executed successfully!

2018-05-28 00:28:34,911 experimentctrl [INFO] Arena: 3, 2, 2, blue
2018-05-28 00:28:36,988 experimentctrl [INFO] Instruction executed successfully!

2018-05-28 00:28:37,063 experimentctrl [INFO] Instruction executed successfully!

2018-05-28 00:28:37,138 experimentctrl [INFO] Instruction executed successfully!

2018-05-28 00:28:37,213 experimentctrl [INFO] Instruction executed successfully!

2018-05-28 00:28:37,288 experimentctrl [INFO] Instruction executed successfully!

2018-05-28 00:28:37,363 experimentctrl [INFO] Instruction executed successfully!

2018-05-28 00:28:37,364 experimentctrl [INFO] Arena: 3, 2, 2, yellow
2018-05-28 00:28:39,441 experimentctrl [INFO] Instruction executed successfully!

2018-05-28 00:28:39,516 experimentctrl [INFO] Instruction executed successfully!

2018-05-28 00:28:39,591 experimentctrl [INFO] Instruction executed successfully!

2018-05-28 00:28:39,667 experimentctrl [INFO] Instruction executed successfully!

2018-05-28 00:28:39,742 experimentctrl [INFO] Instruction executed successfully!

2018-05-28 00:28:39,817 experimentctrl [INFO] Instruction executed successfully!

2018-05-28 00:28:39,818 experimentctrl [INFO] Arena: 3, 2, 2, red
2018-05-28 00:28:41,895 experimentctrl [INFO] Instruction executed successfully!

2018-05-28 00:28:41,970 experimentctrl [INFO] Instruction executed successfully!

2018-05-28 00:28:42,046 experimentctrl [INFO] Instruction executed successfully!

2018-05-28 00:28:42,121 experimentctrl [INFO] Instruction executed successfully!

2018-05-28 00:28:42,196 experimentctrl [INFO] Instruction executed successfully!

2018-05-28 00:28:42,271 experimentctrl [INFO] Instruction executed successfully!

2018-05-28 00:28:42,272 experimentctrl [INFO] Arena: 3, 2, 2, green
2018-05-28 00:28:44,349 experimentctrl [INFO] Instruction executed successfully!

2018-05-28 00:28:44,424 experimentctrl [INFO] Instruction executed successfully!

2018-05-28 00:28:44,499 experimentctrl [INFO] Instruction executed successfully!

2018-05-28 00:28:44,575 experimentctrl [INFO] Instruction executed successfully!

2018-05-28 00:28:44,650 experimentctrl [INFO] Instruction executed successfully!

2018-05-28 00:28:44,725 experimentctrl [INFO] Instruction executed successfully!

2018-05-28 00:28:44,726 experimentctrl [INFO] Arena: 3, 2, 2, blue
2018-05-28 00:28:46,803 experimentctrl [INFO] Instruction executed successfully!

2018-05-28 00:28:46,878 experimentctrl [INFO] Instruction executed successfully!

2018-05-28 00:28:46,953 experimentctrl [INFO] Instruction executed successfully!

2018-05-28 00:28:47,028 experimentctrl [INFO] Instruction executed successfully!

2018-05-28 00:28:47,104 experimentctrl [INFO] Instruction executed successfully!

2018-05-28 00:28:47,179 experimentctrl [INFO] Instruction executed successfully!

2018-05-28 00:28:47,180 experimentctrl [INFO] Arena: 3, 2, 2, yellow
2018-05-28 00:28:49,257 experimentctrl [INFO] Instruction executed successfully!

2018-05-28 00:28:49,331 experimentctrl [INFO] Instruction executed successfully!

2018-05-28 00:28:49,407 experimentctrl [INFO] Instruction executed successfully!

2018-05-28 00:28:49,482 experimentctrl [INFO] Instruction executed successfully!

2018-05-28 00:28:49,557 experimentctrl [INFO] Instruction executed successfully!

2018-05-28 00:28:49,632 experimentctrl [INFO] Instruction executed successfully!

2018-05-28 00:28:49,634 experimentctrl [INFO] Arena: 3, 2, 2, none
2018-05-28 00:28:51,699 experimentctrl [INFO] Instruction executed successfully!

2018-05-28 00:28:51,764 experimentctrl [INFO] Instruction executed successfully!

2018-05-28 00:28:51,829 experimentctrl [INFO] Instruction executed successfully!

2018-05-28 00:28:51,893 experimentctrl [INFO] Instruction executed successfully!

2018-05-28 00:28:51,958 experimentctrl [INFO] Instruction executed successfully!

2018-05-28 00:28:52,023 experimentctrl [INFO] Instruction executed successfully!

2018-06-04 20:52:47,702 experimentctrl [INFO] Arena: 3, 2, 2, none
2018-06-04 20:53:25,115 experimentctrl [INFO] Arena: 3, 2, 2, none
2018-06-06 18:00:45,154 experimentctrl [INFO] Arena: 3, 2, 2, red
2018-06-06 18:02:20,112 experimentctrl [INFO] Arena: 3, 2, 2, red
2018-06-06 18:02:22,190 experimentctrl [INFO] Instruction executed successfully!

2018-06-06 18:02:22,264 experimentctrl [INFO] Instruction executed successfully!

2018-06-06 18:02:22,338 experimentctrl [INFO] Instruction executed successfully!

2018-06-06 18:02:22,413 experimentctrl [INFO] Instruction executed successfully!

2018-06-06 18:02:22,488 experimentctrl [INFO] Instruction executed successfully!

2018-06-06 18:02:22,563 experimentctrl [INFO] Instruction executed successfully!

2018-06-06 18:02:42,766 experimentctrl [INFO] Arena: 3, 2, 2, blue
2018-06-06 18:02:44,842 experimentctrl [INFO] Instruction executed successfully!

2018-06-06 18:02:44,917 experimentctrl [INFO] Instruction executed successfully!

2018-06-06 18:02:44,992 experimentctrl [INFO] Instruction executed successfully!

2018-06-06 18:02:45,067 experimentctrl [INFO] Instruction executed successfully!

2018-06-06 18:02:45,142 experimentctrl [INFO] Instruction executed successfully!

2018-06-06 18:02:45,217 experimentctrl [INFO] Instruction executed successfully!

2018-06-06 18:16:20,274 experimentctrl [INFO] Arena: 3, 2, 2, blue
2018-06-06 18:16:22,350 experimentctrl [INFO] Instruction executed successfully!

2018-06-06 18:16:22,425 experimentctrl [INFO] Instruction executed successfully!

2018-06-06 18:16:22,500 experimentctrl [INFO] Instruction executed successfully!

2018-06-06 18:16:22,575 experimentctrl [INFO] Instruction executed successfully!

2018-06-06 18:16:22,650 experimentctrl [INFO] Instruction executed successfully!

2018-06-06 18:16:22,725 experimentctrl [INFO] Instruction executed successfully!

2018-06-06 18:21:07,760 experimentctrl [INFO] Arena: 3, 2, 2, blue
2018-06-06 18:21:09,837 experimentctrl [INFO] Instruction executed successfully!

2018-06-06 18:21:09,912 experimentctrl [INFO] Instruction executed successfully!

2018-06-06 18:21:09,986 experimentctrl [INFO] Instruction executed successfully!

2018-06-06 18:21:10,061 experimentctrl [INFO] Instruction executed successfully!

2018-06-06 18:21:10,136 experimentctrl [INFO] Instruction executed successfully!

2018-06-06 18:21:10,211 experimentctrl [INFO] Instruction executed successfully!

2018-06-06 18:21:52,313 experimentctrl [INFO] Arena: 3, 2, 2, blue
2018-06-06 18:21:54,391 experimentctrl [INFO] Instruction executed successfully!

2018-06-06 18:21:54,465 experimentctrl [INFO] Instruction executed successfully!

2018-06-06 18:21:54,540 experimentctrl [INFO] Instruction executed successfully!

2018-06-06 18:21:54,615 experimentctrl [INFO] Instruction executed successfully!

2018-06-06 18:21:54,690 experimentctrl [INFO] Instruction executed successfully!

2018-06-06 18:21:54,765 experimentctrl [INFO] Instruction executed successfully!

2018-06-06 18:22:11,769 experimentctrl [INFO] Arena: 3, 2, 2, blue
2018-06-06 18:22:13,846 experimentctrl [INFO] Instruction executed successfully!

2018-06-06 18:22:13,921 experimentctrl [INFO] Instruction executed successfully!

2018-06-06 18:22:13,996 experimentctrl [INFO] Instruction executed successfully!

2018-06-06 18:22:14,071 experimentctrl [INFO] Instruction executed successfully!

2018-06-06 18:22:14,146 experimentctrl [INFO] Instruction executed successfully!

2018-06-06 18:22:14,221 experimentctrl [INFO] Instruction executed successfully!

2018-06-06 18:22:56,273 experimentctrl [INFO] Arena: 3, 2, 2, red
2018-06-06 18:22:58,351 experimentctrl [INFO] Instruction executed successfully!

2018-06-06 18:22:58,426 experimentctrl [INFO] Instruction executed successfully!

2018-06-06 18:22:58,501 experimentctrl [INFO] Instruction executed successfully!

2018-06-06 18:22:58,575 experimentctrl [INFO] Instruction executed successfully!

2018-06-06 18:22:58,653 experimentctrl [INFO] Instruction executed successfully!

2018-06-06 18:22:58,727 experimentctrl [INFO] Instruction executed successfully!

2018-06-06 18:23:29,728 experimentctrl [INFO] Arena: 3, 2, 2, blue
2018-06-06 18:23:31,806 experimentctrl [INFO] Instruction executed successfully!

2018-06-06 18:23:31,880 experimentctrl [INFO] Instruction executed successfully!

2018-06-06 18:23:31,955 experimentctrl [INFO] Instruction executed successfully!

2018-06-06 18:23:32,029 experimentctrl [INFO] Instruction executed successfully!

2018-06-06 18:23:32,104 experimentctrl [INFO] Instruction executed successfully!

2018-06-06 18:23:32,179 experimentctrl [INFO] Instruction executed successfully!

2018-06-06 18:25:20,399 experimentctrl [INFO] Arena: 3, 2, 2, red
2018-06-06 18:25:22,477 experimentctrl [INFO] Instruction executed successfully!

2018-06-06 18:25:22,552 experimentctrl [INFO] Instruction executed successfully!

2018-06-06 18:25:22,627 experimentctrl [INFO] Instruction executed successfully!

2018-06-06 18:25:22,702 experimentctrl [INFO] Instruction executed successfully!

2018-06-06 18:25:22,777 experimentctrl [INFO] Instruction executed successfully!

2018-06-06 18:25:22,852 experimentctrl [INFO] Instruction executed successfully!

2018-06-06 18:25:22,853 experimentctrl [INFO] Arena: 3, 2, 2, green
2018-06-06 18:25:24,931 experimentctrl [INFO] Instruction executed successfully!

2018-06-06 18:25:25,006 experimentctrl [INFO] Instruction executed successfully!

2018-06-06 18:25:25,081 experimentctrl [INFO] Instruction executed successfully!

2018-06-06 18:25:25,156 experimentctrl [INFO] Instruction executed successfully!

2018-06-06 18:25:25,231 experimentctrl [INFO] Instruction executed successfully!

2018-06-06 18:25:25,305 experimentctrl [INFO] Instruction executed successfully!

2018-06-06 18:25:25,307 experimentctrl [INFO] Arena: 3, 2, 2, red
2018-06-06 18:25:27,385 experimentctrl [INFO] Instruction executed successfully!

2018-06-06 18:25:27,459 experimentctrl [INFO] Instruction executed successfully!

2018-06-06 18:25:27,534 experimentctrl [INFO] Instruction executed successfully!

2018-06-06 18:25:27,608 experimentctrl [INFO] Instruction executed successfully!

2018-06-06 18:25:27,683 experimentctrl [INFO] Instruction executed successfully!

2018-06-06 18:25:27,758 experimentctrl [INFO] Instruction executed successfully!

2018-06-06 18:25:27,759 experimentctrl [INFO] Arena: 3, 2, 2, green
2018-06-06 18:25:29,837 experimentctrl [INFO] Instruction executed successfully!

2018-06-06 18:25:29,912 experimentctrl [INFO] Instruction executed successfully!

2018-06-06 18:25:29,987 experimentctrl [INFO] Instruction executed successfully!

2018-06-06 18:25:30,062 experimentctrl [INFO] Instruction executed successfully!

2018-06-06 18:25:30,137 experimentctrl [INFO] Instruction executed successfully!

2018-06-06 18:25:30,212 experimentctrl [INFO] Instruction executed successfully!

2018-06-06 18:25:30,213 experimentctrl [INFO] Arena: 3, 2, 2, red
2018-06-06 18:25:32,291 experimentctrl [INFO] Instruction executed successfully!

2018-06-06 18:25:32,366 experimentctrl [INFO] Instruction executed successfully!

2018-06-06 18:25:32,442 experimentctrl [INFO] Instruction executed successfully!

2018-06-06 18:25:32,516 experimentctrl [INFO] Instruction executed successfully!

2018-06-06 18:25:32,590 experimentctrl [INFO] Instruction executed successfully!

2018-06-06 18:25:32,665 experimentctrl [INFO] Instruction executed successfully!

2018-06-06 18:25:32,667 experimentctrl [INFO] Arena: 3, 2, 2, green
2018-06-06 18:25:34,742 experimentctrl [INFO] Instruction executed successfully!

2018-06-06 18:25:34,817 experimentctrl [INFO] Instruction executed successfully!

2018-06-06 18:25:34,892 experimentctrl [INFO] Instruction executed successfully!

2018-06-06 18:25:34,967 experimentctrl [INFO] Instruction executed successfully!

2018-06-06 18:25:35,042 experimentctrl [INFO] Instruction executed successfully!

2018-06-06 18:25:35,117 experimentctrl [INFO] Instruction executed successfully!

2018-06-06 18:25:35,119 experimentctrl [INFO] Arena: 3, 2, 2, red
2018-06-06 18:25:37,196 experimentctrl [INFO] Instruction executed successfully!

2018-06-06 18:25:37,271 experimentctrl [INFO] Instruction executed successfully!

2018-06-06 18:25:37,347 experimentctrl [INFO] Instruction executed successfully!

2018-06-06 18:25:37,421 experimentctrl [INFO] Instruction executed successfully!

2018-06-06 18:25:37,496 experimentctrl [INFO] Instruction executed successfully!

2018-06-06 18:25:37,571 experimentctrl [INFO] Instruction executed successfully!

2018-06-06 18:25:37,573 experimentctrl [INFO] Arena: 3, 2, 2, green
2018-06-06 18:25:39,651 experimentctrl [INFO] Instruction executed successfully!

2018-06-06 18:25:39,726 experimentctrl [INFO] Instruction executed successfully!

2018-06-06 18:25:39,801 experimentctrl [INFO] Instruction executed successfully!

2018-06-06 18:25:39,876 experimentctrl [INFO] Instruction executed successfully!

2018-06-06 18:25:39,951 experimentctrl [INFO] Instruction executed successfully!

2018-06-06 18:25:40,026 experimentctrl [INFO] Instruction executed successfully!

2018-06-06 18:25:40,027 experimentctrl [INFO] Arena: 3, 2, 2, red
2018-06-06 18:25:42,105 experimentctrl [INFO] Instruction executed successfully!

2018-06-06 18:25:42,179 experimentctrl [INFO] Instruction executed successfully!

2018-06-06 18:25:42,254 experimentctrl [INFO] Instruction executed successfully!

2018-06-06 18:25:42,329 experimentctrl [INFO] Instruction executed successfully!

2018-06-06 18:25:42,404 experimentctrl [INFO] Instruction executed successfully!

2018-06-06 18:25:42,479 experimentctrl [INFO] Instruction executed successfully!

2018-06-06 18:25:42,481 experimentctrl [INFO] Arena: 3, 2, 2, green
2018-06-06 18:25:44,558 experimentctrl [INFO] Instruction executed successfully!

2018-06-06 18:25:44,632 experimentctrl [INFO] Instruction executed successfully!

2018-06-06 18:25:44,707 experimentctrl [INFO] Instruction executed successfully!

2018-06-06 18:25:44,782 experimentctrl [INFO] Instruction executed successfully!

2018-06-06 18:25:44,857 experimentctrl [INFO] Instruction executed successfully!

2018-06-06 18:25:44,932 experimentctrl [INFO] Instruction executed successfully!

2018-06-06 18:25:44,933 experimentctrl [INFO] Arena: 3, 2, 2, red
2018-06-06 18:25:47,009 experimentctrl [INFO] Instruction executed successfully!

2018-06-06 18:25:47,084 experimentctrl [INFO] Instruction executed successfully!

2018-06-06 18:25:47,159 experimentctrl [INFO] Instruction executed successfully!

2018-06-06 18:25:47,234 experimentctrl [INFO] Instruction executed successfully!

2018-06-06 18:25:47,309 experimentctrl [INFO] Instruction executed successfully!

2018-06-06 18:25:47,384 experimentctrl [INFO] Instruction executed successfully!

2018-06-06 18:25:47,386 experimentctrl [INFO] Arena: 3, 2, 2, green
2018-06-06 18:25:49,462 experimentctrl [INFO] Instruction executed successfully!

2018-06-06 18:25:49,537 experimentctrl [INFO] Instruction executed successfully!

2018-06-06 18:25:49,612 experimentctrl [INFO] Instruction executed successfully!

2018-06-06 18:25:49,687 experimentctrl [INFO] Instruction executed successfully!

2018-06-06 18:25:49,762 experimentctrl [INFO] Instruction executed successfully!

2018-06-06 18:25:49,837 experimentctrl [INFO] Instruction executed successfully!

2018-06-06 18:25:49,838 experimentctrl [INFO] Arena: 3, 2, 2, red
2018-06-06 18:25:51,915 experimentctrl [INFO] Instruction executed successfully!

2018-06-06 18:25:51,990 experimentctrl [INFO] Instruction executed successfully!

2018-06-06 18:25:52,064 experimentctrl [INFO] Instruction executed successfully!

2018-06-06 18:25:52,139 experimentctrl [INFO] Instruction executed successfully!

2018-06-06 18:25:52,214 experimentctrl [INFO] Instruction executed successfully!

2018-06-06 18:25:52,289 experimentctrl [INFO] Instruction executed successfully!

2018-06-06 18:25:52,290 experimentctrl [INFO] Arena: 3, 2, 2, green
2018-06-06 18:25:54,367 experimentctrl [INFO] Instruction executed successfully!

2018-06-06 18:25:54,442 experimentctrl [INFO] Instruction executed successfully!

2018-06-06 18:25:54,517 experimentctrl [INFO] Instruction executed successfully!

2018-06-06 18:25:54,592 experimentctrl [INFO] Instruction executed successfully!

2018-06-06 18:25:54,667 experimentctrl [INFO] Instruction executed successfully!

2018-06-06 18:25:54,742 experimentctrl [INFO] Instruction executed successfully!

2018-06-06 18:25:54,743 experimentctrl [INFO] Arena: 3, 2, 2, red
2018-06-06 18:25:56,821 experimentctrl [INFO] Instruction executed successfully!

2018-06-06 18:25:56,896 experimentctrl [INFO] Instruction executed successfully!

2018-06-06 18:25:56,971 experimentctrl [INFO] Instruction executed successfully!

2018-06-06 18:25:57,046 experimentctrl [INFO] Instruction executed successfully!

2018-06-06 18:25:57,121 experimentctrl [INFO] Instruction executed successfully!

2018-06-06 18:25:57,196 experimentctrl [INFO] Instruction executed successfully!

2018-06-06 18:25:57,197 experimentctrl [INFO] Arena: 3, 2, 2, green
2018-06-06 18:25:59,275 experimentctrl [INFO] Instruction executed successfully!

2018-06-06 18:25:59,350 experimentctrl [INFO] Instruction executed successfully!

2018-06-06 18:25:59,425 experimentctrl [INFO] Instruction executed successfully!

2018-06-06 18:25:59,500 experimentctrl [INFO] Instruction executed successfully!

2018-06-06 18:25:59,575 experimentctrl [INFO] Instruction executed successfully!

2018-06-06 18:25:59,649 experimentctrl [INFO] Instruction executed successfully!

2018-06-06 18:25:59,651 experimentctrl [INFO] Arena: 3, 2, 2, none
2018-06-06 18:26:01,717 experimentctrl [INFO] Instruction executed successfully!

2018-06-06 18:26:01,781 experimentctrl [INFO] Instruction executed successfully!

2018-06-06 18:26:01,845 experimentctrl [INFO] Instruction executed successfully!

2018-06-06 18:26:01,910 experimentctrl [INFO] Instruction executed successfully!

2018-06-06 18:26:01,974 experimentctrl [INFO] Instruction executed successfully!

2018-06-06 18:26:02,038 experimentctrl [INFO] Instruction executed successfully!

2018-06-06 18:31:56,263 experimentctrl [INFO] Arena: 3, 2, 2, red
2018-06-06 18:31:58,341 experimentctrl [INFO] Instruction executed successfully!

2018-06-06 18:31:58,416 experimentctrl [INFO] Instruction executed successfully!

2018-06-06 18:31:58,491 experimentctrl [INFO] Instruction executed successfully!

2018-06-06 18:31:58,566 experimentctrl [INFO] Instruction executed successfully!

2018-06-06 18:31:58,641 experimentctrl [INFO] Instruction executed successfully!

2018-06-06 18:31:58,716 experimentctrl [INFO] Instruction executed successfully!

2018-06-06 18:31:58,717 experimentctrl [INFO] Arena: 3, 2, 2, green
2018-06-06 18:32:00,795 experimentctrl [INFO] Instruction executed successfully!

2018-06-06 18:32:00,870 experimentctrl [INFO] Instruction executed successfully!

2018-06-06 18:32:00,945 experimentctrl [INFO] Instruction executed successfully!

2018-06-06 18:32:01,020 experimentctrl [INFO] Instruction executed successfully!

2018-06-06 18:32:01,096 experimentctrl [INFO] Instruction executed successfully!

2018-06-06 18:32:01,171 experimentctrl [INFO] Instruction executed successfully!

2018-06-06 18:32:01,172 experimentctrl [INFO] Arena: 3, 2, 2, red
2018-06-06 18:32:03,249 experimentctrl [INFO] Instruction executed successfully!

2018-06-06 18:32:03,324 experimentctrl [INFO] Instruction executed successfully!

2018-06-06 18:32:03,398 experimentctrl [INFO] Instruction executed successfully!

2018-06-06 18:32:03,473 experimentctrl [INFO] Instruction executed successfully!

2018-06-06 18:32:03,548 experimentctrl [INFO] Instruction executed successfully!

2018-06-06 18:32:03,623 experimentctrl [INFO] Instruction executed successfully!

2018-06-06 18:32:03,625 experimentctrl [INFO] Arena: 3, 2, 2, green
2018-06-06 18:32:05,702 experimentctrl [INFO] Instruction executed successfully!

2018-06-06 18:32:05,777 experimentctrl [INFO] Instruction executed successfully!

2018-06-06 18:32:05,852 experimentctrl [INFO] Instruction executed successfully!

2018-06-06 18:32:05,927 experimentctrl [INFO] Instruction executed successfully!

2018-06-06 18:32:06,002 experimentctrl [INFO] Instruction executed successfully!

2018-06-06 18:32:06,077 experimentctrl [INFO] Instruction executed successfully!

2018-06-06 18:32:06,078 experimentctrl [INFO] Arena: 3, 2, 2, red
2018-06-06 18:32:08,156 experimentctrl [INFO] Instruction executed successfully!

2018-06-06 18:32:08,231 experimentctrl [INFO] Instruction executed successfully!

2018-06-06 18:32:08,306 experimentctrl [INFO] Instruction executed successfully!

2018-06-06 18:32:08,381 experimentctrl [INFO] Instruction executed successfully!

2018-06-06 18:32:08,457 experimentctrl [INFO] Instruction executed successfully!

2018-06-06 18:32:08,535 experimentctrl [INFO] Instruction executed successfully!

2018-06-06 18:32:08,537 experimentctrl [INFO] Arena: 3, 2, 2, green
2018-06-06 18:32:10,614 experimentctrl [INFO] Instruction executed successfully!

2018-06-06 18:32:10,689 experimentctrl [INFO] Instruction executed successfully!

2018-06-06 18:32:10,764 experimentctrl [INFO] Instruction executed successfully!

2018-06-06 18:32:10,839 experimentctrl [INFO] Instruction executed successfully!

2018-06-06 18:32:10,914 experimentctrl [INFO] Instruction executed successfully!

2018-06-06 18:32:10,989 experimentctrl [INFO] Instruction executed successfully!

2018-06-06 18:32:10,991 experimentctrl [INFO] Arena: 3, 2, 2, red
2018-06-06 18:32:13,068 experimentctrl [INFO] Instruction executed successfully!

2018-06-06 18:32:13,142 experimentctrl [INFO] Instruction executed successfully!

2018-06-06 18:32:13,217 experimentctrl [INFO] Instruction executed successfully!

2018-06-06 18:32:13,292 experimentctrl [INFO] Instruction executed successfully!

2018-06-06 18:32:13,367 experimentctrl [INFO] Instruction executed successfully!

2018-06-06 18:32:13,442 experimentctrl [INFO] Instruction executed successfully!

2018-06-06 18:32:13,444 experimentctrl [INFO] Arena: 3, 2, 2, green
2018-06-06 18:32:15,521 experimentctrl [INFO] Instruction executed successfully!

2018-06-06 18:32:15,595 experimentctrl [INFO] Instruction executed successfully!

2018-06-06 18:32:15,670 experimentctrl [INFO] Instruction executed successfully!

2018-06-06 18:32:15,745 experimentctrl [INFO] Instruction executed successfully!

2018-06-06 18:32:15,820 experimentctrl [INFO] Instruction executed successfully!

2018-06-06 18:32:15,895 experimentctrl [INFO] Instruction executed successfully!

2018-06-06 18:32:15,897 experimentctrl [INFO] Arena: 3, 2, 2, red
2018-06-06 18:32:17,974 experimentctrl [INFO] Instruction executed successfully!

2018-06-06 18:32:18,048 experimentctrl [INFO] Instruction executed successfully!

2018-06-06 18:32:18,123 experimentctrl [INFO] Instruction executed successfully!

2018-06-06 18:32:18,198 experimentctrl [INFO] Instruction executed successfully!

2018-06-06 18:32:18,273 experimentctrl [INFO] Instruction executed successfully!

2018-06-06 18:32:18,348 experimentctrl [INFO] Instruction executed successfully!

2018-06-06 18:32:18,350 experimentctrl [INFO] Arena: 3, 2, 2, green
2018-06-06 18:32:20,427 experimentctrl [INFO] Instruction executed successfully!

2018-06-06 18:32:20,502 experimentctrl [INFO] Instruction executed successfully!

2018-06-06 18:32:20,577 experimentctrl [INFO] Instruction executed successfully!

2018-06-06 18:32:20,652 experimentctrl [INFO] Instruction executed successfully!

2018-06-06 18:32:20,727 experimentctrl [INFO] Instruction executed successfully!

2018-06-06 18:32:20,802 experimentctrl [INFO] Instruction executed successfully!

2018-06-06 18:32:20,803 experimentctrl [INFO] Arena: 3, 2, 2, red
2018-06-06 18:32:22,882 experimentctrl [INFO] Instruction executed successfully!

2018-06-06 18:32:22,957 experimentctrl [INFO] Instruction executed successfully!

2018-06-06 18:32:23,032 experimentctrl [INFO] Instruction executed successfully!

2018-06-06 18:32:23,107 experimentctrl [INFO] Instruction executed successfully!

2018-06-06 18:32:23,181 experimentctrl [INFO] Instruction executed successfully!

2018-06-06 18:32:23,254 experimentctrl [INFO] Instruction executed successfully!

2018-06-06 18:32:23,256 experimentctrl [INFO] Arena: 3, 2, 2, green
2018-06-06 18:32:25,332 experimentctrl [INFO] Instruction executed successfully!

2018-06-06 18:32:25,407 experimentctrl [INFO] Instruction executed successfully!

2018-06-06 18:32:25,482 experimentctrl [INFO] Instruction executed successfully!

2018-06-06 18:32:25,557 experimentctrl [INFO] Instruction executed successfully!

2018-06-06 18:32:25,632 experimentctrl [INFO] Instruction executed successfully!

2018-06-06 18:32:25,707 experimentctrl [INFO] Instruction executed successfully!

2018-06-06 18:32:25,709 experimentctrl [INFO] Arena: 3, 2, 2, red
2018-06-06 18:32:27,786 experimentctrl [INFO] Instruction executed successfully!

2018-06-06 18:32:27,861 experimentctrl [INFO] Instruction executed successfully!

2018-06-06 18:32:27,936 experimentctrl [INFO] Instruction executed successfully!

2018-06-06 18:32:28,011 experimentctrl [INFO] Instruction executed successfully!

2018-06-06 18:32:28,086 experimentctrl [INFO] Instruction executed successfully!

2018-06-06 18:32:28,161 experimentctrl [INFO] Instruction executed successfully!

2018-06-06 18:32:28,163 experimentctrl [INFO] Arena: 3, 2, 2, green
2018-06-06 18:32:30,241 experimentctrl [INFO] Instruction executed successfully!

2018-06-06 18:32:30,316 experimentctrl [INFO] Instruction executed successfully!

2018-06-06 18:32:30,391 experimentctrl [INFO] Instruction executed successfully!

2018-06-06 18:32:30,466 experimentctrl [INFO] Instruction executed successfully!

2018-06-06 18:32:30,541 experimentctrl [INFO] Instruction executed successfully!

2018-06-06 18:32:30,616 experimentctrl [INFO] Instruction executed successfully!

2018-06-06 18:32:30,617 experimentctrl [INFO] Arena: 3, 2, 2, red
2018-06-06 18:32:32,695 experimentctrl [INFO] Instruction executed successfully!

2018-06-06 18:32:32,769 experimentctrl [INFO] Instruction executed successfully!

2018-06-06 18:32:32,844 experimentctrl [INFO] Instruction executed successfully!

2018-06-06 18:32:32,919 experimentctrl [INFO] Instruction executed successfully!

2018-06-06 18:32:32,994 experimentctrl [INFO] Instruction executed successfully!

2018-06-06 18:32:33,069 experimentctrl [INFO] Instruction executed successfully!

2018-06-06 18:32:33,071 experimentctrl [INFO] Arena: 3, 2, 2, green
2018-06-06 18:32:35,149 experimentctrl [INFO] Instruction executed successfully!

2018-06-06 18:32:35,224 experimentctrl [INFO] Instruction executed successfully!

2018-06-06 18:32:35,299 experimentctrl [INFO] Instruction executed successfully!

2018-06-06 18:32:35,374 experimentctrl [INFO] Instruction executed successfully!

2018-06-06 18:32:35,449 experimentctrl [INFO] Instruction executed successfully!

2018-06-06 18:32:35,524 experimentctrl [INFO] Instruction executed successfully!

2018-06-06 18:32:35,525 experimentctrl [INFO] Arena: 3, 2, 2, none
2018-06-06 18:32:37,593 experimentctrl [INFO] Instruction executed successfully!

2018-06-06 18:32:37,657 experimentctrl [INFO] Instruction executed successfully!

2018-06-06 18:32:37,722 experimentctrl [INFO] Instruction executed successfully!

2018-06-06 18:32:37,786 experimentctrl [INFO] Instruction executed successfully!

2018-06-06 18:32:37,850 experimentctrl [INFO] Instruction executed successfully!

2018-06-06 18:32:37,914 experimentctrl [INFO] Instruction executed successfully!

2018-06-06 18:35:10,923 experimentctrl [INFO] Arena: 3, 2, 2, red
2018-06-06 18:35:13,001 experimentctrl [INFO] Instruction executed successfully!

2018-06-06 18:35:13,076 experimentctrl [INFO] Instruction executed successfully!

2018-06-06 18:35:13,151 experimentctrl [INFO] Instruction executed successfully!

2018-06-06 18:35:13,226 experimentctrl [INFO] Instruction executed successfully!

2018-06-06 18:35:13,301 experimentctrl [INFO] Instruction executed successfully!

2018-06-06 18:35:13,376 experimentctrl [INFO] Instruction executed successfully!

2018-06-06 18:35:13,377 experimentctrl [INFO] Arena: 3, 2, 2, green
2018-06-06 18:35:15,455 experimentctrl [INFO] Instruction executed successfully!

2018-06-06 18:35:15,529 experimentctrl [INFO] Instruction executed successfully!

2018-06-06 18:35:15,604 experimentctrl [INFO] Instruction executed successfully!

2018-06-06 18:35:15,679 experimentctrl [INFO] Instruction executed successfully!

2018-06-06 18:35:15,754 experimentctrl [INFO] Instruction executed successfully!

2018-06-06 18:35:15,829 experimentctrl [INFO] Instruction executed successfully!

2018-06-06 18:35:15,830 experimentctrl [INFO] Arena: 3, 2, 2, red
2018-06-06 18:35:17,908 experimentctrl [INFO] Instruction executed successfully!

2018-06-06 18:35:17,983 experimentctrl [INFO] Instruction executed successfully!

2018-06-06 18:35:18,058 experimentctrl [INFO] Instruction executed successfully!

2018-06-06 18:35:18,133 experimentctrl [INFO] Instruction executed successfully!

2018-06-06 18:35:18,207 experimentctrl [INFO] Instruction executed successfully!

2018-06-06 18:35:18,282 experimentctrl [INFO] Instruction executed successfully!

2018-06-06 18:35:18,283 experimentctrl [INFO] Arena: 3, 2, 2, green
2018-06-06 18:35:20,362 experimentctrl [INFO] Instruction executed successfully!

2018-06-06 18:35:20,437 experimentctrl [INFO] Instruction executed successfully!

2018-06-06 18:35:20,512 experimentctrl [INFO] Instruction executed successfully!

2018-06-06 18:35:20,587 experimentctrl [INFO] Instruction executed successfully!

2018-06-06 18:35:20,662 experimentctrl [INFO] Instruction executed successfully!

2018-06-06 18:35:20,737 experimentctrl [INFO] Instruction executed successfully!

2018-06-06 18:35:20,738 experimentctrl [INFO] Arena: 3, 2, 2, red
2018-06-06 18:35:22,816 experimentctrl [INFO] Instruction executed successfully!

2018-06-06 18:35:22,890 experimentctrl [INFO] Instruction executed successfully!

2018-06-06 18:35:22,964 experimentctrl [INFO] Instruction executed successfully!

2018-06-06 18:35:23,039 experimentctrl [INFO] Instruction executed successfully!

2018-06-06 18:35:23,113 experimentctrl [INFO] Instruction executed successfully!

2018-06-06 18:35:23,188 experimentctrl [INFO] Instruction executed successfully!

2018-06-06 18:35:23,189 experimentctrl [INFO] Arena: 3, 2, 2, green
2018-06-06 18:35:25,267 experimentctrl [INFO] Instruction executed successfully!

2018-06-06 18:35:25,342 experimentctrl [INFO] Instruction executed successfully!

2018-06-06 18:35:25,417 experimentctrl [INFO] Instruction executed successfully!

2018-06-06 18:35:25,492 experimentctrl [INFO] Instruction executed successfully!

2018-06-06 18:35:25,567 experimentctrl [INFO] Instruction executed successfully!

2018-06-06 18:35:25,642 experimentctrl [INFO] Instruction executed successfully!

2018-06-06 18:35:25,643 experimentctrl [INFO] Arena: 3, 2, 2, red
2018-06-06 18:35:27,721 experimentctrl [INFO] Instruction executed successfully!

2018-06-06 18:35:27,796 experimentctrl [INFO] Instruction executed successfully!

2018-06-06 18:35:27,871 experimentctrl [INFO] Instruction executed successfully!

2018-06-06 18:35:27,946 experimentctrl [INFO] Instruction executed successfully!

2018-06-06 18:35:28,021 experimentctrl [INFO] Instruction executed successfully!

2018-06-06 18:35:28,098 experimentctrl [INFO] Instruction executed successfully!

2018-06-06 18:35:28,100 experimentctrl [INFO] Arena: 3, 2, 2, green
2018-06-06 18:35:30,177 experimentctrl [INFO] Instruction executed successfully!

2018-06-06 18:35:30,251 experimentctrl [INFO] Instruction executed successfully!

2018-06-06 18:35:30,326 experimentctrl [INFO] Instruction executed successfully!

2018-06-06 18:35:30,401 experimentctrl [INFO] Instruction executed successfully!

2018-06-06 18:35:30,476 experimentctrl [INFO] Instruction executed successfully!

2018-06-06 18:35:30,551 experimentctrl [INFO] Instruction executed successfully!

2018-06-06 18:35:30,552 experimentctrl [INFO] Arena: 3, 2, 2, red
2018-06-06 18:35:32,631 experimentctrl [INFO] Instruction executed successfully!

2018-06-06 18:35:32,706 experimentctrl [INFO] Instruction executed successfully!

2018-06-06 18:35:32,780 experimentctrl [INFO] Instruction executed successfully!

2018-06-06 18:35:32,854 experimentctrl [INFO] Instruction executed successfully!

2018-06-06 18:35:32,928 experimentctrl [INFO] Instruction executed successfully!

2018-06-06 18:35:33,004 experimentctrl [INFO] Instruction executed successfully!

2018-06-06 18:35:33,005 experimentctrl [INFO] Arena: 3, 2, 2, green
2018-06-06 18:35:35,083 experimentctrl [INFO] Instruction executed successfully!

2018-06-06 18:35:35,158 experimentctrl [INFO] Instruction executed successfully!

2018-06-06 18:35:35,233 experimentctrl [INFO] Instruction executed successfully!

2018-06-06 18:35:35,308 experimentctrl [INFO] Instruction executed successfully!

2018-06-06 18:35:35,383 experimentctrl [INFO] Instruction executed successfully!

2018-06-06 18:35:35,458 experimentctrl [INFO] Instruction executed successfully!

2018-06-06 18:35:35,459 experimentctrl [INFO] Arena: 3, 2, 2, red
2018-06-06 18:35:37,536 experimentctrl [INFO] Instruction executed successfully!

2018-06-06 18:35:37,611 experimentctrl [INFO] Instruction executed successfully!

2018-06-06 18:35:37,686 experimentctrl [INFO] Instruction executed successfully!

2018-06-06 18:35:37,761 experimentctrl [INFO] Instruction executed successfully!

2018-06-06 18:35:37,836 experimentctrl [INFO] Instruction executed successfully!

2018-06-06 18:35:37,910 experimentctrl [INFO] Instruction executed successfully!

2018-06-06 18:35:37,912 experimentctrl [INFO] Arena: 3, 2, 2, green
2018-06-06 18:35:39,990 experimentctrl [INFO] Instruction executed successfully!

2018-06-06 18:35:40,064 experimentctrl [INFO] Instruction executed successfully!

2018-06-06 18:35:40,139 experimentctrl [INFO] Instruction executed successfully!

2018-06-06 18:35:40,214 experimentctrl [INFO] Instruction executed successfully!

2018-06-06 18:35:40,289 experimentctrl [INFO] Instruction executed successfully!

2018-06-06 18:35:40,364 experimentctrl [INFO] Instruction executed successfully!

2018-06-06 18:35:40,366 experimentctrl [INFO] Arena: 3, 2, 2, red
2018-06-06 18:35:42,444 experimentctrl [INFO] Instruction executed successfully!

2018-06-06 18:35:42,518 experimentctrl [INFO] Instruction executed successfully!

2018-06-06 18:35:42,592 experimentctrl [INFO] Instruction executed successfully!

2018-06-06 18:35:42,667 experimentctrl [INFO] Instruction executed successfully!

2018-06-06 18:35:42,742 experimentctrl [INFO] Instruction executed successfully!

2018-06-06 18:35:42,817 experimentctrl [INFO] Instruction executed successfully!

2018-06-06 18:35:42,819 experimentctrl [INFO] Arena: 3, 2, 2, green
2018-06-06 18:35:44,897 experimentctrl [INFO] Instruction executed successfully!

2018-06-06 18:35:44,972 experimentctrl [INFO] Instruction executed successfully!

2018-06-06 18:35:45,048 experimentctrl [INFO] Instruction executed successfully!

2018-06-06 18:35:45,122 experimentctrl [INFO] Instruction executed successfully!

2018-06-06 18:35:45,182 experimentctrl [INFO] Arena: 3, 2, 2, red
2018-06-06 18:35:45,195 experimentctrl [INFO] 
2018-06-06 18:35:45,269 experimentctrl [INFO] Instruction executed successfully!

2018-06-06 18:35:47,183 experimentctrl [INFO] Arena: 3, 2, 2, green
2018-06-06 18:35:47,259 experimentctrl [INFO] Instruction executed successfully!

2018-06-06 18:35:47,334 experimentctrl [INFO] Instruction executed successfully!

2018-06-06 18:35:47,409 experimentctrl [INFO] Instruction executed successfully!

2018-06-06 18:35:47,484 experimentctrl [INFO] Instruction executed successfully!

2018-06-06 18:35:47,560 experimentctrl [INFO] Instruction executed successfully!

2018-06-06 18:35:47,635 experimentctrl [INFO] Instruction executed successfully!

2018-06-06 18:35:49,183 experimentctrl [INFO] Arena: 3, 2, 2, red
2018-06-06 18:35:49,260 experimentctrl [INFO] Instruction executed successfully!

2018-06-06 18:35:49,334 experimentctrl [INFO] Instruction executed successfully!

2018-06-06 18:35:49,409 experimentctrl [INFO] Instruction executed successfully!

2018-06-06 18:35:49,484 experimentctrl [INFO] Instruction executed successfully!

2018-06-06 18:35:49,559 experimentctrl [INFO] Instruction executed successfully!

2018-06-06 18:35:49,634 experimentctrl [INFO] Instruction executed successfully!

2018-06-06 18:35:51,183 experimentctrl [INFO] Arena: 3, 2, 2, green
2018-06-06 18:35:51,260 experimentctrl [INFO] Instruction executed successfully!

2018-06-06 18:35:51,335 experimentctrl [INFO] Instruction executed successfully!

2018-06-06 18:35:51,410 experimentctrl [INFO] Instruction executed successfully!

2018-06-06 18:35:51,485 experimentctrl [INFO] Instruction executed successfully!

2018-06-06 18:35:51,560 experimentctrl [INFO] Instruction executed successfully!

2018-06-06 18:35:51,635 experimentctrl [INFO] Instruction executed successfully!

2018-06-06 18:35:53,183 experimentctrl [INFO] Arena: 3, 2, 2, red
2018-06-06 18:35:53,261 experimentctrl [INFO] Instruction executed successfully!

2018-06-06 18:35:53,336 experimentctrl [INFO] Instruction executed successfully!

2018-06-06 18:35:53,411 experimentctrl [INFO] Instruction executed successfully!

2018-06-06 18:35:53,486 experimentctrl [INFO] Instruction executed successfully!

2018-06-06 18:35:53,561 experimentctrl [INFO] Instruction executed successfully!

2018-06-06 18:35:53,636 experimentctrl [INFO] Instruction executed successfully!

2018-06-06 18:35:55,183 experimentctrl [INFO] Arena: 3, 2, 2, green
2018-06-06 18:35:55,261 experimentctrl [INFO] Instruction executed successfully!

2018-06-06 18:35:55,336 experimentctrl [INFO] Instruction executed successfully!

2018-06-06 18:35:55,410 experimentctrl [INFO] Instruction executed successfully!

2018-06-06 18:35:55,485 experimentctrl [INFO] Instruction executed successfully!

2018-06-06 18:35:55,561 experimentctrl [INFO] Instruction executed successfully!

2018-06-06 18:35:55,636 experimentctrl [INFO] Instruction executed successfully!

2018-06-06 18:35:57,183 experimentctrl [INFO] Arena: 3, 2, 2, red
2018-06-06 18:35:57,260 experimentctrl [INFO] Instruction executed successfully!

2018-06-06 18:35:57,335 experimentctrl [INFO] Instruction executed successfully!

2018-06-06 18:35:57,410 experimentctrl [INFO] Instruction executed successfully!

2018-06-06 18:35:57,485 experimentctrl [INFO] Instruction executed successfully!

2018-06-06 18:35:57,560 experimentctrl [INFO] Instruction executed successfully!

2018-06-06 18:35:57,635 experimentctrl [INFO] Instruction executed successfully!

2018-06-06 18:35:59,183 experimentctrl [INFO] Arena: 3, 2, 2, green
2018-06-06 18:35:59,261 experimentctrl [INFO] Instruction executed successfully!

2018-06-06 18:35:59,335 experimentctrl [INFO] Instruction executed successfully!

2018-06-06 18:35:59,410 experimentctrl [INFO] Instruction executed successfully!

2018-06-06 18:35:59,485 experimentctrl [INFO] Instruction executed successfully!

2018-06-06 18:35:59,560 experimentctrl [INFO] Instruction executed successfully!

2018-06-06 18:35:59,635 experimentctrl [INFO] Instruction executed successfully!

2018-06-06 18:36:01,183 experimentctrl [INFO] Arena: 3, 2, 2, red
2018-06-06 18:36:01,261 experimentctrl [INFO] Instruction executed successfully!

2018-06-06 18:36:01,336 experimentctrl [INFO] Instruction executed successfully!

2018-06-06 18:36:01,410 experimentctrl [INFO] Instruction executed successfully!

2018-06-06 18:36:01,485 experimentctrl [INFO] Instruction executed successfully!

2018-06-06 18:36:01,560 experimentctrl [INFO] Instruction executed successfully!

2018-06-06 18:36:01,635 experimentctrl [INFO] Instruction executed successfully!

2018-06-06 18:36:03,183 experimentctrl [INFO] Arena: 3, 2, 2, green
2018-06-06 18:36:03,261 experimentctrl [INFO] Instruction executed successfully!

2018-06-06 18:36:03,335 experimentctrl [INFO] Instruction executed successfully!

2018-06-06 18:36:03,409 experimentctrl [INFO] Instruction executed successfully!

2018-06-06 18:36:03,484 experimentctrl [INFO] Instruction executed successfully!

2018-06-06 18:36:03,559 experimentctrl [INFO] Instruction executed successfully!

2018-06-06 18:36:03,634 experimentctrl [INFO] Instruction executed successfully!

2018-06-06 18:36:05,183 experimentctrl [INFO] Arena: 3, 2, 2, red
2018-06-06 18:36:05,262 experimentctrl [INFO] Instruction executed successfully!

2018-06-06 18:36:05,336 experimentctrl [INFO] Instruction executed successfully!

2018-06-06 18:36:05,411 experimentctrl [INFO] Instruction executed successfully!

2018-06-06 18:36:05,486 experimentctrl [INFO] Instruction executed successfully!

2018-06-06 18:36:05,561 experimentctrl [INFO] Instruction executed successfully!

2018-06-06 18:36:05,636 experimentctrl [INFO] Instruction executed successfully!

2018-06-06 18:36:07,183 experimentctrl [INFO] Arena: 3, 2, 2, green
2018-06-06 18:36:07,261 experimentctrl [INFO] Instruction executed successfully!

2018-06-06 18:36:07,336 experimentctrl [INFO] Instruction executed successfully!

2018-06-06 18:36:07,411 experimentctrl [INFO] Instruction executed successfully!

2018-06-06 18:36:07,486 experimentctrl [INFO] Instruction executed successfully!

2018-06-06 18:36:07,561 experimentctrl [INFO] Instruction executed successfully!

2018-06-06 18:36:07,636 experimentctrl [INFO] Instruction executed successfully!

2018-06-06 18:36:09,183 experimentctrl [INFO] Arena: 3, 2, 2, red
2018-06-06 18:36:09,260 experimentctrl [INFO] Instruction executed successfully!

2018-06-06 18:36:09,335 experimentctrl [INFO] Instruction executed successfully!

2018-06-06 18:36:09,409 experimentctrl [INFO] Instruction executed successfully!

2018-06-06 18:36:09,484 experimentctrl [INFO] Instruction executed successfully!

2018-06-06 18:36:09,559 experimentctrl [INFO] Instruction executed successfully!

2018-06-06 18:36:09,634 experimentctrl [INFO] Instruction executed successfully!

2018-06-06 18:36:11,183 experimentctrl [INFO] Arena: 3, 2, 2, green
2018-06-06 18:36:11,261 experimentctrl [INFO] Instruction executed successfully!

2018-06-06 18:36:11,336 experimentctrl [INFO] Instruction executed successfully!

2018-06-06 18:36:11,411 experimentctrl [INFO] Instruction executed successfully!

2018-06-06 18:36:11,486 experimentctrl [INFO] Instruction executed successfully!

2018-06-06 18:36:11,561 experimentctrl [INFO] Instruction executed successfully!

2018-06-06 18:36:11,636 experimentctrl [INFO] Instruction executed successfully!

2018-06-06 18:36:13,183 experimentctrl [INFO] Arena: 3, 2, 2, red
2018-06-06 18:36:13,261 experimentctrl [INFO] Instruction executed successfully!

2018-06-06 18:36:13,336 experimentctrl [INFO] Instruction executed successfully!

2018-06-06 18:36:13,410 experimentctrl [INFO] Instruction executed successfully!

2018-06-06 18:36:13,485 experimentctrl [INFO] Instruction executed successfully!

2018-06-06 18:36:13,560 experimentctrl [INFO] Instruction executed successfully!

2018-06-06 18:36:13,635 experimentctrl [INFO] Instruction executed successfully!

2018-06-06 18:36:15,183 experimentctrl [INFO] Arena: 3, 2, 2, green
2018-06-06 18:36:15,261 experimentctrl [INFO] Instruction executed successfully!

2018-06-06 18:36:15,336 experimentctrl [INFO] Instruction executed successfully!

2018-06-06 18:36:15,411 experimentctrl [INFO] Instruction executed successfully!

2018-06-06 18:36:15,486 experimentctrl [INFO] Instruction executed successfully!

2018-06-06 18:36:15,561 experimentctrl [INFO] Instruction executed successfully!

2018-06-06 18:36:15,634 experimentctrl [INFO] Instruction executed successfully!

2018-06-06 18:36:17,260 experimentctrl [INFO] Instruction executed successfully!

2018-06-06 18:36:17,335 experimentctrl [INFO] Instruction executed successfully!

2018-06-06 18:36:17,409 experimentctrl [INFO] Instruction executed successfully!

2018-06-06 18:36:17,484 experimentctrl [INFO] Instruction executed successfully!

2018-06-06 18:36:17,559 experimentctrl [INFO] Instruction executed successfully!

2018-06-06 18:36:17,634 experimentctrl [INFO] Instruction executed successfully!

2018-06-06 18:36:19,183 experimentctrl [INFO] Arena: 3, 2, 2, none
2018-06-06 18:36:21,250 experimentctrl [INFO] Instruction executed successfully!

2018-06-06 18:36:21,314 experimentctrl [INFO] Instruction executed successfully!

2018-06-06 18:36:21,379 experimentctrl [INFO] Instruction executed successfully!

2018-06-06 18:36:21,444 experimentctrl [INFO] Instruction executed successfully!

2018-06-06 18:36:21,508 experimentctrl [INFO] Instruction executed successfully!

2018-06-06 18:36:21,573 experimentctrl [INFO] Instruction executed successfully!

2018-06-06 18:36:27,706 experimentctrl [INFO] Arena: 3, 2, 2, red
2018-06-06 18:36:29,783 experimentctrl [INFO] Instruction executed successfully!

2018-06-06 18:36:29,858 experimentctrl [INFO] Instruction executed successfully!

2018-06-06 18:36:29,933 experimentctrl [INFO] Instruction executed successfully!

2018-06-06 18:36:30,008 experimentctrl [INFO] Instruction executed successfully!

2018-06-06 18:36:30,083 experimentctrl [INFO] Instruction executed successfully!

2018-06-06 18:36:30,158 experimentctrl [INFO] Instruction executed successfully!

2018-06-06 18:36:30,160 experimentctrl [INFO] Arena: 3, 2, 2, green
2018-06-06 18:36:32,237 experimentctrl [INFO] Instruction executed successfully!

2018-06-06 18:36:32,312 experimentctrl [INFO] Instruction executed successfully!

2018-06-06 18:36:32,387 experimentctrl [INFO] Instruction executed successfully!

2018-06-06 18:36:32,461 experimentctrl [INFO] Instruction executed successfully!

2018-06-06 18:36:32,535 experimentctrl [INFO] Instruction executed successfully!

2018-06-06 18:36:32,610 experimentctrl [INFO] Instruction executed successfully!

2018-06-06 18:36:32,612 experimentctrl [INFO] Arena: 3, 2, 2, red
2018-06-06 18:36:34,690 experimentctrl [INFO] Instruction executed successfully!

2018-06-06 18:36:34,765 experimentctrl [INFO] Instruction executed successfully!

2018-06-06 18:36:34,840 experimentctrl [INFO] Instruction executed successfully!

2018-06-06 18:36:34,915 experimentctrl [INFO] Instruction executed successfully!

2018-06-06 18:36:34,990 experimentctrl [INFO] Instruction executed successfully!

2018-06-06 18:36:35,065 experimentctrl [INFO] Instruction executed successfully!

2018-06-06 18:36:35,066 experimentctrl [INFO] Arena: 3, 2, 2, green
2018-06-06 18:36:37,144 experimentctrl [INFO] Instruction executed successfully!

2018-06-06 18:36:37,219 experimentctrl [INFO] Instruction executed successfully!

2018-06-06 18:36:37,294 experimentctrl [INFO] Instruction executed successfully!

2018-06-06 18:36:37,369 experimentctrl [INFO] Instruction executed successfully!

2018-06-06 18:36:37,444 experimentctrl [INFO] Instruction executed successfully!

2018-06-06 18:36:37,518 experimentctrl [INFO] Instruction executed successfully!

2018-06-06 18:36:37,520 experimentctrl [INFO] Arena: 3, 2, 2, red
2018-06-06 18:36:39,597 experimentctrl [INFO] Instruction executed successfully!

2018-06-06 18:36:39,672 experimentctrl [INFO] Instruction executed successfully!

2018-06-06 18:36:39,747 experimentctrl [INFO] Instruction executed successfully!

2018-06-06 18:36:39,823 experimentctrl [INFO] Instruction executed successfully!

2018-06-06 18:36:39,898 experimentctrl [INFO] Instruction executed successfully!

2018-06-06 18:36:39,973 experimentctrl [INFO] Instruction executed successfully!

2018-06-06 18:36:39,974 experimentctrl [INFO] Arena: 3, 2, 2, green
2018-06-06 18:36:42,056 experimentctrl [INFO] Instruction executed successfully!

2018-06-06 18:36:42,130 experimentctrl [INFO] Instruction executed successfully!

2018-06-06 18:36:42,205 experimentctrl [INFO] Instruction executed successfully!

2018-06-06 18:36:42,280 experimentctrl [INFO] Instruction executed successfully!

2018-06-06 18:36:42,355 experimentctrl [INFO] Instruction executed successfully!

2018-06-06 18:36:42,430 experimentctrl [INFO] Instruction executed successfully!

2018-06-06 18:36:42,432 experimentctrl [INFO] Arena: 3, 2, 2, red
2018-06-06 18:36:44,509 experimentctrl [INFO] Instruction executed successfully!

2018-06-06 18:36:44,584 experimentctrl [INFO] Instruction executed successfully!

2018-06-06 18:36:44,659 experimentctrl [INFO] Instruction executed successfully!

2018-06-06 18:36:44,734 experimentctrl [INFO] Instruction executed successfully!

2018-06-06 18:36:44,809 experimentctrl [INFO] Instruction executed successfully!

2018-06-06 18:36:44,884 experimentctrl [INFO] Instruction executed successfully!

2018-06-06 18:36:44,885 experimentctrl [INFO] Arena: 3, 2, 2, green
2018-06-06 18:36:46,963 experimentctrl [INFO] Instruction executed successfully!

2018-06-06 18:36:47,038 experimentctrl [INFO] Instruction executed successfully!

2018-06-06 18:36:47,113 experimentctrl [INFO] Instruction executed successfully!

2018-06-06 18:36:47,188 experimentctrl [INFO] Instruction executed successfully!

2018-06-06 18:36:47,263 experimentctrl [INFO] Instruction executed successfully!

2018-06-06 18:36:47,338 experimentctrl [INFO] Instruction executed successfully!

2018-06-06 18:36:47,340 experimentctrl [INFO] Arena: 3, 2, 2, red
2018-06-06 18:36:49,418 experimentctrl [INFO] Instruction executed successfully!

2018-06-06 18:36:49,493 experimentctrl [INFO] Instruction executed successfully!

2018-06-06 18:36:49,568 experimentctrl [INFO] Instruction executed successfully!

2018-06-06 18:36:49,643 experimentctrl [INFO] Instruction executed successfully!

2018-06-06 18:36:49,718 experimentctrl [INFO] Instruction executed successfully!

2018-06-06 18:36:49,794 experimentctrl [INFO] Instruction executed successfully!

2018-06-06 18:36:49,795 experimentctrl [INFO] Arena: 3, 2, 2, green
2018-06-06 18:36:51,873 experimentctrl [INFO] Instruction executed successfully!

2018-06-06 18:36:51,948 experimentctrl [INFO] Instruction executed successfully!

2018-06-06 18:36:52,023 experimentctrl [INFO] Instruction executed successfully!

2018-06-06 18:36:52,098 experimentctrl [INFO] Instruction executed successfully!

2018-06-06 18:36:52,173 experimentctrl [INFO] Instruction executed successfully!

2018-06-06 18:36:52,248 experimentctrl [INFO] Instruction executed successfully!

2018-06-06 18:36:52,249 experimentctrl [INFO] Arena: 3, 2, 2, red
2018-06-06 18:36:54,326 experimentctrl [INFO] Instruction executed successfully!

2018-06-06 18:36:54,401 experimentctrl [INFO] Instruction executed successfully!

2018-06-06 18:36:54,476 experimentctrl [INFO] Instruction executed successfully!

2018-06-06 18:36:54,550 experimentctrl [INFO] Instruction executed successfully!

2018-06-06 18:36:54,624 experimentctrl [INFO] Instruction executed successfully!

2018-06-06 18:36:54,700 experimentctrl [INFO] Instruction executed successfully!

2018-06-06 18:36:54,701 experimentctrl [INFO] Arena: 3, 2, 2, green
2018-06-06 18:36:56,778 experimentctrl [INFO] Instruction executed successfully!

2018-06-06 18:36:56,853 experimentctrl [INFO] Instruction executed successfully!

2018-06-06 18:36:56,928 experimentctrl [INFO] Instruction executed successfully!

2018-06-06 18:36:57,003 experimentctrl [INFO] Instruction executed successfully!

2018-06-06 18:36:57,078 experimentctrl [INFO] Instruction executed successfully!

2018-06-06 18:36:57,153 experimentctrl [INFO] Instruction executed successfully!

2018-06-06 18:36:57,155 experimentctrl [INFO] Arena: 3, 2, 2, red
2018-06-06 18:36:59,232 experimentctrl [INFO] Instruction executed successfully!

2018-06-06 18:36:59,307 experimentctrl [INFO] Instruction executed successfully!

2018-06-06 18:36:59,382 experimentctrl [INFO] Instruction executed successfully!

2018-06-06 18:36:59,456 experimentctrl [INFO] Instruction executed successfully!

2018-06-06 18:36:59,531 experimentctrl [INFO] Instruction executed successfully!

2018-06-06 18:36:59,607 experimentctrl [INFO] Instruction executed successfully!

2018-06-06 18:36:59,608 experimentctrl [INFO] Arena: 3, 2, 2, green
2018-06-06 18:37:01,686 experimentctrl [INFO] Instruction executed successfully!

2018-06-06 18:37:01,761 experimentctrl [INFO] Instruction executed successfully!

2018-06-06 18:37:01,836 experimentctrl [INFO] Instruction executed successfully!

2018-06-06 18:37:01,911 experimentctrl [INFO] Instruction executed successfully!

2018-06-06 18:37:01,986 experimentctrl [INFO] Instruction executed successfully!

2018-06-06 18:37:02,061 experimentctrl [INFO] Instruction executed successfully!

2018-06-06 18:37:02,062 experimentctrl [INFO] Arena: 3, 2, 2, red
2018-06-06 18:37:04,140 experimentctrl [INFO] Instruction executed successfully!

2018-06-06 18:37:04,214 experimentctrl [INFO] Instruction executed successfully!

2018-06-06 18:37:04,289 experimentctrl [INFO] Instruction executed successfully!

2018-06-06 18:37:04,364 experimentctrl [INFO] Instruction executed successfully!

2018-06-06 18:37:04,439 experimentctrl [INFO] Instruction executed successfully!

2018-06-06 18:37:04,514 experimentctrl [INFO] Instruction executed successfully!

2018-06-06 18:37:04,515 experimentctrl [INFO] Arena: 3, 2, 2, green
2018-06-06 18:37:06,592 experimentctrl [INFO] Instruction executed successfully!

2018-06-06 18:37:06,667 experimentctrl [INFO] Instruction executed successfully!

2018-06-06 18:37:06,742 experimentctrl [INFO] Instruction executed successfully!

2018-06-06 18:37:06,817 experimentctrl [INFO] Instruction executed successfully!

2018-06-06 18:37:06,892 experimentctrl [INFO] Instruction executed successfully!

2018-06-06 18:37:06,967 experimentctrl [INFO] Instruction executed successfully!

2018-06-06 18:37:06,968 experimentctrl [INFO] Arena: 3, 2, 2, none
2018-06-06 18:37:09,036 experimentctrl [INFO] Instruction executed successfully!

2018-06-06 18:37:09,100 experimentctrl [INFO] Instruction executed successfully!

2018-06-06 18:37:09,165 experimentctrl [INFO] Instruction executed successfully!

2018-06-06 18:37:09,228 experimentctrl [INFO] Instruction executed successfully!

2018-06-06 18:37:09,293 experimentctrl [INFO] Instruction executed successfully!

2018-06-06 18:37:09,357 experimentctrl [INFO] Instruction executed successfully!

